This file contains any messages produced by compilers while
running configure, to aid debugging if configure makes a mistake.

It was created by i3 configure 4.15, which was
generated by GNU Autoconf 2.69.  Invocation command line was

  $ .././configure --srcdir=.. --enable-builddir=x86_64-pc-linux-gnu

## --------- ##
## Platform. ##
## --------- ##

hostname = chromulus
uname -m = x86_64
uname -r = 4.8.17-galliumos
uname -s = Linux
uname -v = #1 SMP PREEMPT galliumos4 Thu Feb 23 02:27:28 UTC 2017

/usr/bin/uname -p = unknown
/bin/uname -X     = unknown

/bin/arch              = unknown
/usr/bin/arch -k       = unknown
/usr/convex/getsysinfo = unknown
/usr/bin/hostinfo      = unknown
/bin/machine           = unknown
/usr/bin/oslevel       = unknown
/bin/universe          = unknown

PATH: /home/simon/.cargo/bin
PATH: /home/simon/bin
PATH: /home/simon/.local/bin
PATH: /home/simon/google-cloud-sdk/bin
PATH: /home/simon/.cargo/bin
PATH: /home/simon/bin
PATH: /home/simon/.local/bin
PATH: /home/simon/.nvm/versions/node/v9.4.0/bin
PATH: /usr/local/sbin
PATH: /usr/local/bin
PATH: /usr/sbin
PATH: /usr/bin
PATH: /sbin
PATH: /bin
PATH: /usr/games
PATH: /usr/local/games
PATH: /snap/bin
PATH: /usr/lib/go-1.10/bin
PATH: /home/simon/go/bin
PATH: /usr/lib/dart/bin
PATH: /usr/lib/go-1.9/bin
PATH: /home/simon/go/bin


## ----------- ##
## Core tests. ##
## ----------- ##

configure:2418: checking build system type
configure:2432: result: x86_64-pc-linux-gnu
configure:2452: checking host system type
configure:2465: result: x86_64-pc-linux-gnu
configure:2485: checking target system type
configure:2498: result: x86_64-pc-linux-gnu
configure:2586: checking for gsed
configure:2617: result: sed
configure:2644: checking for a BSD-compatible install
configure:2712: result: /usr/bin/install -c
configure:2723: checking whether build environment is sane
configure:2778: result: yes
configure:2926: checking for a thread-safe mkdir -p
configure:2965: result: /bin/mkdir -p
configure:2972: checking for gawk
configure:2988: found /usr/bin/gawk
configure:2999: result: gawk
configure:3010: checking whether make sets $(MAKE)
configure:3032: result: yes
configure:3061: checking whether make supports nested variables
configure:3078: result: yes
configure:3216: checking whether make supports nested variables
configure:3233: result: yes
configure:3247: checking whether to enable maintainer-specific portions of Makefiles
configure:3256: result: yes
configure:3283: checking for gawk
configure:3310: result: gawk
configure:3321: checking for GNU make
configure:3337: result: make
configure:3431: checking for a sed that does not truncate output
configure:3495: result: /bin/sed
configure:3513: checking whether to build with code coverage support
configure:3533: result: no
configure:3896: checking whether to enable debugging
configure:3958: result: no
configure:4000: checking for style of include used by make
configure:4028: result: GNU
configure:4099: checking for gcc
configure:4115: found /usr/bin/gcc
configure:4126: result: gcc
configure:4355: checking for C compiler version
configure:4364: gcc --version >&5
gcc (Ubuntu 5.4.0-6ubuntu1~16.04.9) 5.4.0 20160609
Copyright (C) 2015 Free Software Foundation, Inc.
This is free software; see the source for copying conditions.  There is NO
warranty; not even for MERCHANTABILITY or FITNESS FOR A PARTICULAR PURPOSE.

configure:4375: $? = 0
configure:4364: gcc -v >&5
Using built-in specs.
COLLECT_GCC=gcc
COLLECT_LTO_WRAPPER=/usr/lib/gcc/x86_64-linux-gnu/5/lto-wrapper
Target: x86_64-linux-gnu
Configured with: ../src/configure -v --with-pkgversion='Ubuntu 5.4.0-6ubuntu1~16.04.9' --with-bugurl=file:///usr/share/doc/gcc-5/README.Bugs --enable-languages=c,ada,c++,java,go,d,fortran,objc,obj-c++ --prefix=/usr --program-suffix=-5 --enable-shared --enable-linker-build-id --libexecdir=/usr/lib --without-included-gettext --enable-threads=posix --libdir=/usr/lib --enable-nls --with-sysroot=/ --enable-clocale=gnu --enable-libstdcxx-debug --enable-libstdcxx-time=yes --with-default-libstdcxx-abi=new --enable-gnu-unique-object --disable-vtable-verify --enable-libmpx --enable-plugin --with-system-zlib --disable-browser-plugin --enable-java-awt=gtk --enable-gtk-cairo --with-java-home=/usr/lib/jvm/java-1.5.0-gcj-5-amd64/jre --enable-java-home --with-jvm-root-dir=/usr/lib/jvm/java-1.5.0-gcj-5-amd64 --with-jvm-jar-dir=/usr/lib/jvm-exports/java-1.5.0-gcj-5-amd64 --with-arch-directory=amd64 --with-ecj-jar=/usr/share/java/eclipse-ecj.jar --enable-objc-gc --enable-multiarch --disable-werror --with-arch-32=i686 --with-abi=m64 --with-multilib-list=m32,m64,mx32 --enable-multilib --with-tune=generic --enable-checking=release --build=x86_64-linux-gnu --host=x86_64-linux-gnu --target=x86_64-linux-gnu
Thread model: posix
gcc version 5.4.0 20160609 (Ubuntu 5.4.0-6ubuntu1~16.04.9) 
configure:4375: $? = 0
configure:4364: gcc -V >&5
gcc: error: unrecognized command line option '-V'
gcc: fatal error: no input files
compilation terminated.
configure:4375: $? = 1
configure:4364: gcc -qversion >&5
gcc: error: unrecognized command line option '-qversion'
gcc: fatal error: no input files
compilation terminated.
configure:4375: $? = 1
configure:4395: checking whether the C compiler works
configure:4417: gcc    conftest.c  >&5
configure:4421: $? = 0
configure:4469: result: yes
configure:4472: checking for C compiler default output file name
configure:4474: result: a.out
configure:4480: checking for suffix of executables
configure:4487: gcc -o conftest    conftest.c  >&5
configure:4491: $? = 0
configure:4513: result: 
configure:4535: checking whether we are cross compiling
configure:4543: gcc -o conftest    conftest.c  >&5
configure:4547: $? = 0
configure:4554: ./conftest
configure:4558: $? = 0
configure:4573: result: no
configure:4578: checking for suffix of object files
configure:4600: gcc -c   conftest.c >&5
configure:4604: $? = 0
configure:4625: result: o
configure:4629: checking whether we are using the GNU C compiler
configure:4648: gcc -c   conftest.c >&5
configure:4648: $? = 0
configure:4657: result: yes
configure:4666: checking whether gcc accepts -g
configure:4686: gcc -c -g  conftest.c >&5
configure:4686: $? = 0
configure:4727: result: yes
configure:4744: checking for gcc option to accept ISO C89
configure:4807: gcc  -c   conftest.c >&5
configure:4807: $? = 0
configure:4820: result: none needed
configure:4845: checking whether gcc understands -c and -o together
configure:4867: gcc -c conftest.c -o conftest2.o
configure:4870: $? = 0
configure:4867: gcc -c conftest.c -o conftest2.o
configure:4870: $? = 0
configure:4882: result: yes
configure:4901: checking dependency style of gcc
configure:5012: result: gcc3
configure:5027: checking for gcc option to accept ISO C99
configure:5176: gcc  -c   conftest.c >&5
configure:5176: $? = 0
configure:5189: result: none needed
configure:5212: checking how to run the C preprocessor
configure:5243: gcc -E  conftest.c
configure:5243: $? = 0
configure:5257: gcc -E  conftest.c
conftest.c:16:28: fatal error: ac_nonexistent.h: No such file or directory
compilation terminated.
configure:5257: $? = 1
configure: failed program was:
| /* confdefs.h */
| #define PACKAGE_NAME "i3"
| #define PACKAGE_TARNAME "i3"
| #define PACKAGE_VERSION "4.15"
| #define PACKAGE_STRING "i3 4.15"
| #define PACKAGE_BUGREPORT "https://github.com/i3/i3/issues"
| #define PACKAGE_URL ""
| #define PACKAGE "i3"
| #define VERSION "4.15"
| #define I3_VERSION "4.15 (2018-03-10)"
| #define MAJOR_VERSION 4
| #define MINOR_VERSION 15
| #define PATCH_VERSION 0
| #define UNUSED_NDEBUG /**/
| /* end confdefs.h.  */
| #include <ac_nonexistent.h>
configure:5282: result: gcc -E
configure:5302: gcc -E  conftest.c
configure:5302: $? = 0
configure:5316: gcc -E  conftest.c
conftest.c:16:28: fatal error: ac_nonexistent.h: No such file or directory
compilation terminated.
configure:5316: $? = 1
configure: failed program was:
| /* confdefs.h */
| #define PACKAGE_NAME "i3"
| #define PACKAGE_TARNAME "i3"
| #define PACKAGE_VERSION "4.15"
| #define PACKAGE_STRING "i3 4.15"
| #define PACKAGE_BUGREPORT "https://github.com/i3/i3/issues"
| #define PACKAGE_URL ""
| #define PACKAGE "i3"
| #define VERSION "4.15"
| #define I3_VERSION "4.15 (2018-03-10)"
| #define MAJOR_VERSION 4
| #define MINOR_VERSION 15
| #define PATCH_VERSION 0
| #define UNUSED_NDEBUG /**/
| /* end confdefs.h.  */
| #include <ac_nonexistent.h>
configure:5345: checking for grep that handles long lines and -e
configure:5403: result: /bin/grep
configure:5408: checking for egrep
configure:5470: result: /bin/grep -E
configure:5475: checking for ANSI C header files
configure:5495: gcc -c   conftest.c >&5
configure:5495: $? = 0
configure:5568: gcc -o conftest    conftest.c  >&5
configure:5568: $? = 0
configure:5568: ./conftest
configure:5568: $? = 0
configure:5579: result: yes
configure:5592: checking for sys/types.h
configure:5592: gcc -c   conftest.c >&5
configure:5592: $? = 0
configure:5592: result: yes
configure:5592: checking for sys/stat.h
configure:5592: gcc -c   conftest.c >&5
configure:5592: $? = 0
configure:5592: result: yes
configure:5592: checking for stdlib.h
configure:5592: gcc -c   conftest.c >&5
configure:5592: $? = 0
configure:5592: result: yes
configure:5592: checking for string.h
configure:5592: gcc -c   conftest.c >&5
configure:5592: $? = 0
configure:5592: result: yes
configure:5592: checking for memory.h
configure:5592: gcc -c   conftest.c >&5
configure:5592: $? = 0
configure:5592: result: yes
configure:5592: checking for strings.h
configure:5592: gcc -c   conftest.c >&5
configure:5592: $? = 0
configure:5592: result: yes
configure:5592: checking for inttypes.h
configure:5592: gcc -c   conftest.c >&5
configure:5592: $? = 0
configure:5592: result: yes
configure:5592: checking for stdint.h
configure:5592: gcc -c   conftest.c >&5
configure:5592: $? = 0
configure:5592: result: yes
configure:5592: checking for unistd.h
configure:5592: gcc -c   conftest.c >&5
configure:5592: $? = 0
configure:5592: result: yes
configure:5605: checking minix/config.h usability
configure:5605: gcc -c   conftest.c >&5
conftest.c:59:26: fatal error: minix/config.h: No such file or directory
compilation terminated.
configure:5605: $? = 1
configure: failed program was:
| /* confdefs.h */
| #define PACKAGE_NAME "i3"
| #define PACKAGE_TARNAME "i3"
| #define PACKAGE_VERSION "4.15"
| #define PACKAGE_STRING "i3 4.15"
| #define PACKAGE_BUGREPORT "https://github.com/i3/i3/issues"
| #define PACKAGE_URL ""
| #define PACKAGE "i3"
| #define VERSION "4.15"
| #define I3_VERSION "4.15 (2018-03-10)"
| #define MAJOR_VERSION 4
| #define MINOR_VERSION 15
| #define PATCH_VERSION 0
| #define UNUSED_NDEBUG /**/
| #define STDC_HEADERS 1
| #define HAVE_SYS_TYPES_H 1
| #define HAVE_SYS_STAT_H 1
| #define HAVE_STDLIB_H 1
| #define HAVE_STRING_H 1
| #define HAVE_MEMORY_H 1
| #define HAVE_STRINGS_H 1
| #define HAVE_INTTYPES_H 1
| #define HAVE_STDINT_H 1
| #define HAVE_UNISTD_H 1
| /* end confdefs.h.  */
| #include <stdio.h>
| #ifdef HAVE_SYS_TYPES_H
| # include <sys/types.h>
| #endif
| #ifdef HAVE_SYS_STAT_H
| # include <sys/stat.h>
| #endif
| #ifdef STDC_HEADERS
| # include <stdlib.h>
| # include <stddef.h>
| #else
| # ifdef HAVE_STDLIB_H
| #  include <stdlib.h>
| # endif
| #endif
| #ifdef HAVE_STRING_H
| # if !defined STDC_HEADERS && defined HAVE_MEMORY_H
| #  include <memory.h>
| # endif
| # include <string.h>
| #endif
| #ifdef HAVE_STRINGS_H
| # include <strings.h>
| #endif
| #ifdef HAVE_INTTYPES_H
| # include <inttypes.h>
| #endif
| #ifdef HAVE_STDINT_H
| # include <stdint.h>
| #endif
| #ifdef HAVE_UNISTD_H
| # include <unistd.h>
| #endif
| #include <minix/config.h>
configure:5605: result: no
configure:5605: checking minix/config.h presence
configure:5605: gcc -E  conftest.c
conftest.c:26:26: fatal error: minix/config.h: No such file or directory
compilation terminated.
configure:5605: $? = 1
configure: failed program was:
| /* confdefs.h */
| #define PACKAGE_NAME "i3"
| #define PACKAGE_TARNAME "i3"
| #define PACKAGE_VERSION "4.15"
| #define PACKAGE_STRING "i3 4.15"
| #define PACKAGE_BUGREPORT "https://github.com/i3/i3/issues"
| #define PACKAGE_URL ""
| #define PACKAGE "i3"
| #define VERSION "4.15"
| #define I3_VERSION "4.15 (2018-03-10)"
| #define MAJOR_VERSION 4
| #define MINOR_VERSION 15
| #define PATCH_VERSION 0
| #define UNUSED_NDEBUG /**/
| #define STDC_HEADERS 1
| #define HAVE_SYS_TYPES_H 1
| #define HAVE_SYS_STAT_H 1
| #define HAVE_STDLIB_H 1
| #define HAVE_STRING_H 1
| #define HAVE_MEMORY_H 1
| #define HAVE_STRINGS_H 1
| #define HAVE_INTTYPES_H 1
| #define HAVE_STDINT_H 1
| #define HAVE_UNISTD_H 1
| /* end confdefs.h.  */
| #include <minix/config.h>
configure:5605: result: no
configure:5605: checking for minix/config.h
configure:5605: result: no
configure:5626: checking whether it is safe to define __EXTENSIONS__
configure:5644: gcc -c   conftest.c >&5
configure:5644: $? = 0
configure:5651: result: yes
configure:5667: checking for stdbool.h that conforms to C99
configure:5734: gcc -c   conftest.c >&5
configure:5734: $? = 0
configure:5741: result: yes
configure:5743: checking for _Bool
configure:5743: gcc -c   conftest.c >&5
configure:5743: $? = 0
configure:5743: gcc -c   conftest.c >&5
conftest.c: In function 'main':
conftest.c:67:20: error: expected expression before ')' token
 if (sizeof ((_Bool)))
                    ^
configure:5743: $? = 1
configure: failed program was:
| /* confdefs.h */
| #define PACKAGE_NAME "i3"
| #define PACKAGE_TARNAME "i3"
| #define PACKAGE_VERSION "4.15"
| #define PACKAGE_STRING "i3 4.15"
| #define PACKAGE_BUGREPORT "https://github.com/i3/i3/issues"
| #define PACKAGE_URL ""
| #define PACKAGE "i3"
| #define VERSION "4.15"
| #define I3_VERSION "4.15 (2018-03-10)"
| #define MAJOR_VERSION 4
| #define MINOR_VERSION 15
| #define PATCH_VERSION 0
| #define UNUSED_NDEBUG /**/
| #define STDC_HEADERS 1
| #define HAVE_SYS_TYPES_H 1
| #define HAVE_SYS_STAT_H 1
| #define HAVE_STDLIB_H 1
| #define HAVE_STRING_H 1
| #define HAVE_MEMORY_H 1
| #define HAVE_STRINGS_H 1
| #define HAVE_INTTYPES_H 1
| #define HAVE_STDINT_H 1
| #define HAVE_UNISTD_H 1
| #define __EXTENSIONS__ 1
| #define _ALL_SOURCE 1
| #define _GNU_SOURCE 1
| #define _POSIX_PTHREAD_SEMANTICS 1
| #define _TANDEM_SOURCE 1
| /* end confdefs.h.  */
| #include <stdio.h>
| #ifdef HAVE_SYS_TYPES_H
| # include <sys/types.h>
| #endif
| #ifdef HAVE_SYS_STAT_H
| # include <sys/stat.h>
| #endif
| #ifdef STDC_HEADERS
| # include <stdlib.h>
| # include <stddef.h>
| #else
| # ifdef HAVE_STDLIB_H
| #  include <stdlib.h>
| # endif
| #endif
| #ifdef HAVE_STRING_H
| # if !defined STDC_HEADERS && defined HAVE_MEMORY_H
| #  include <memory.h>
| # endif
| # include <string.h>
| #endif
| #ifdef HAVE_STRINGS_H
| # include <strings.h>
| #endif
| #ifdef HAVE_INTTYPES_H
| # include <inttypes.h>
| #endif
| #ifdef HAVE_STDINT_H
| # include <stdint.h>
| #endif
| #ifdef HAVE_UNISTD_H
| # include <unistd.h>
| #endif
| int
| main ()
| {
| if (sizeof ((_Bool)))
| 	    return 0;
|   ;
|   return 0;
| }
configure:5743: result: yes
configure:5754: checking for mode_t
configure:5754: gcc -c   conftest.c >&5
configure:5754: $? = 0
configure:5754: gcc -c   conftest.c >&5
conftest.c: In function 'main':
conftest.c:68:21: error: expected expression before ')' token
 if (sizeof ((mode_t)))
                     ^
configure:5754: $? = 1
configure: failed program was:
| /* confdefs.h */
| #define PACKAGE_NAME "i3"
| #define PACKAGE_TARNAME "i3"
| #define PACKAGE_VERSION "4.15"
| #define PACKAGE_STRING "i3 4.15"
| #define PACKAGE_BUGREPORT "https://github.com/i3/i3/issues"
| #define PACKAGE_URL ""
| #define PACKAGE "i3"
| #define VERSION "4.15"
| #define I3_VERSION "4.15 (2018-03-10)"
| #define MAJOR_VERSION 4
| #define MINOR_VERSION 15
| #define PATCH_VERSION 0
| #define UNUSED_NDEBUG /**/
| #define STDC_HEADERS 1
| #define HAVE_SYS_TYPES_H 1
| #define HAVE_SYS_STAT_H 1
| #define HAVE_STDLIB_H 1
| #define HAVE_STRING_H 1
| #define HAVE_MEMORY_H 1
| #define HAVE_STRINGS_H 1
| #define HAVE_INTTYPES_H 1
| #define HAVE_STDINT_H 1
| #define HAVE_UNISTD_H 1
| #define __EXTENSIONS__ 1
| #define _ALL_SOURCE 1
| #define _GNU_SOURCE 1
| #define _POSIX_PTHREAD_SEMANTICS 1
| #define _TANDEM_SOURCE 1
| #define HAVE__BOOL 1
| /* end confdefs.h.  */
| #include <stdio.h>
| #ifdef HAVE_SYS_TYPES_H
| # include <sys/types.h>
| #endif
| #ifdef HAVE_SYS_STAT_H
| # include <sys/stat.h>
| #endif
| #ifdef STDC_HEADERS
| # include <stdlib.h>
| # include <stddef.h>
| #else
| # ifdef HAVE_STDLIB_H
| #  include <stdlib.h>
| # endif
| #endif
| #ifdef HAVE_STRING_H
| # if !defined STDC_HEADERS && defined HAVE_MEMORY_H
| #  include <memory.h>
| # endif
| # include <string.h>
| #endif
| #ifdef HAVE_STRINGS_H
| # include <strings.h>
| #endif
| #ifdef HAVE_INTTYPES_H
| # include <inttypes.h>
| #endif
| #ifdef HAVE_STDINT_H
| # include <stdint.h>
| #endif
| #ifdef HAVE_UNISTD_H
| # include <unistd.h>
| #endif
| int
| main ()
| {
| if (sizeof ((mode_t)))
| 	    return 0;
|   ;
|   return 0;
| }
configure:5754: result: yes
configure:5768: checking for off_t
configure:5768: gcc -c   conftest.c >&5
configure:5768: $? = 0
configure:5768: gcc -c   conftest.c >&5
conftest.c: In function 'main':
conftest.c:69:20: error: expected expression before ')' token
 if (sizeof ((off_t)))
                    ^
configure:5768: $? = 1
configure: failed program was:
| /* confdefs.h */
| #define PACKAGE_NAME "i3"
| #define PACKAGE_TARNAME "i3"
| #define PACKAGE_VERSION "4.15"
| #define PACKAGE_STRING "i3 4.15"
| #define PACKAGE_BUGREPORT "https://github.com/i3/i3/issues"
| #define PACKAGE_URL ""
| #define PACKAGE "i3"
| #define VERSION "4.15"
| #define I3_VERSION "4.15 (2018-03-10)"
| #define MAJOR_VERSION 4
| #define MINOR_VERSION 15
| #define PATCH_VERSION 0
| #define UNUSED_NDEBUG /**/
| #define STDC_HEADERS 1
| #define HAVE_SYS_TYPES_H 1
| #define HAVE_SYS_STAT_H 1
| #define HAVE_STDLIB_H 1
| #define HAVE_STRING_H 1
| #define HAVE_MEMORY_H 1
| #define HAVE_STRINGS_H 1
| #define HAVE_INTTYPES_H 1
| #define HAVE_STDINT_H 1
| #define HAVE_UNISTD_H 1
| #define __EXTENSIONS__ 1
| #define _ALL_SOURCE 1
| #define _GNU_SOURCE 1
| #define _POSIX_PTHREAD_SEMANTICS 1
| #define _TANDEM_SOURCE 1
| #define HAVE__BOOL 1
| #define HAVE_MODE_T 1
| /* end confdefs.h.  */
| #include <stdio.h>
| #ifdef HAVE_SYS_TYPES_H
| # include <sys/types.h>
| #endif
| #ifdef HAVE_SYS_STAT_H
| # include <sys/stat.h>
| #endif
| #ifdef STDC_HEADERS
| # include <stdlib.h>
| # include <stddef.h>
| #else
| # ifdef HAVE_STDLIB_H
| #  include <stdlib.h>
| # endif
| #endif
| #ifdef HAVE_STRING_H
| # if !defined STDC_HEADERS && defined HAVE_MEMORY_H
| #  include <memory.h>
| # endif
| # include <string.h>
| #endif
| #ifdef HAVE_STRINGS_H
| # include <strings.h>
| #endif
| #ifdef HAVE_INTTYPES_H
| # include <inttypes.h>
| #endif
| #ifdef HAVE_STDINT_H
| # include <stdint.h>
| #endif
| #ifdef HAVE_UNISTD_H
| # include <unistd.h>
| #endif
| int
| main ()
| {
| if (sizeof ((off_t)))
| 	    return 0;
|   ;
|   return 0;
| }
configure:5768: result: yes
configure:5782: checking for pid_t
configure:5782: gcc -c   conftest.c >&5
configure:5782: $? = 0
configure:5782: gcc -c   conftest.c >&5
conftest.c: In function 'main':
conftest.c:70:20: error: expected expression before ')' token
 if (sizeof ((pid_t)))
                    ^
configure:5782: $? = 1
configure: failed program was:
| /* confdefs.h */
| #define PACKAGE_NAME "i3"
| #define PACKAGE_TARNAME "i3"
| #define PACKAGE_VERSION "4.15"
| #define PACKAGE_STRING "i3 4.15"
| #define PACKAGE_BUGREPORT "https://github.com/i3/i3/issues"
| #define PACKAGE_URL ""
| #define PACKAGE "i3"
| #define VERSION "4.15"
| #define I3_VERSION "4.15 (2018-03-10)"
| #define MAJOR_VERSION 4
| #define MINOR_VERSION 15
| #define PATCH_VERSION 0
| #define UNUSED_NDEBUG /**/
| #define STDC_HEADERS 1
| #define HAVE_SYS_TYPES_H 1
| #define HAVE_SYS_STAT_H 1
| #define HAVE_STDLIB_H 1
| #define HAVE_STRING_H 1
| #define HAVE_MEMORY_H 1
| #define HAVE_STRINGS_H 1
| #define HAVE_INTTYPES_H 1
| #define HAVE_STDINT_H 1
| #define HAVE_UNISTD_H 1
| #define __EXTENSIONS__ 1
| #define _ALL_SOURCE 1
| #define _GNU_SOURCE 1
| #define _POSIX_PTHREAD_SEMANTICS 1
| #define _TANDEM_SOURCE 1
| #define HAVE__BOOL 1
| #define HAVE_MODE_T 1
| #define HAVE_OFF_T 1
| /* end confdefs.h.  */
| #include <stdio.h>
| #ifdef HAVE_SYS_TYPES_H
| # include <sys/types.h>
| #endif
| #ifdef HAVE_SYS_STAT_H
| # include <sys/stat.h>
| #endif
| #ifdef STDC_HEADERS
| # include <stdlib.h>
| # include <stddef.h>
| #else
| # ifdef HAVE_STDLIB_H
| #  include <stdlib.h>
| # endif
| #endif
| #ifdef HAVE_STRING_H
| # if !defined STDC_HEADERS && defined HAVE_MEMORY_H
| #  include <memory.h>
| # endif
| # include <string.h>
| #endif
| #ifdef HAVE_STRINGS_H
| # include <strings.h>
| #endif
| #ifdef HAVE_INTTYPES_H
| # include <inttypes.h>
| #endif
| #ifdef HAVE_STDINT_H
| # include <stdint.h>
| #endif
| #ifdef HAVE_UNISTD_H
| # include <unistd.h>
| #endif
| int
| main ()
| {
| if (sizeof ((pid_t)))
| 	    return 0;
|   ;
|   return 0;
| }
configure:5782: result: yes
configure:5796: checking for size_t
configure:5796: gcc -c   conftest.c >&5
configure:5796: $? = 0
configure:5796: gcc -c   conftest.c >&5
conftest.c: In function 'main':
conftest.c:71:21: error: expected expression before ')' token
 if (sizeof ((size_t)))
                     ^
configure:5796: $? = 1
configure: failed program was:
| /* confdefs.h */
| #define PACKAGE_NAME "i3"
| #define PACKAGE_TARNAME "i3"
| #define PACKAGE_VERSION "4.15"
| #define PACKAGE_STRING "i3 4.15"
| #define PACKAGE_BUGREPORT "https://github.com/i3/i3/issues"
| #define PACKAGE_URL ""
| #define PACKAGE "i3"
| #define VERSION "4.15"
| #define I3_VERSION "4.15 (2018-03-10)"
| #define MAJOR_VERSION 4
| #define MINOR_VERSION 15
| #define PATCH_VERSION 0
| #define UNUSED_NDEBUG /**/
| #define STDC_HEADERS 1
| #define HAVE_SYS_TYPES_H 1
| #define HAVE_SYS_STAT_H 1
| #define HAVE_STDLIB_H 1
| #define HAVE_STRING_H 1
| #define HAVE_MEMORY_H 1
| #define HAVE_STRINGS_H 1
| #define HAVE_INTTYPES_H 1
| #define HAVE_STDINT_H 1
| #define HAVE_UNISTD_H 1
| #define __EXTENSIONS__ 1
| #define _ALL_SOURCE 1
| #define _GNU_SOURCE 1
| #define _POSIX_PTHREAD_SEMANTICS 1
| #define _TANDEM_SOURCE 1
| #define HAVE__BOOL 1
| #define HAVE_MODE_T 1
| #define HAVE_OFF_T 1
| #define HAVE_PID_T 1
| /* end confdefs.h.  */
| #include <stdio.h>
| #ifdef HAVE_SYS_TYPES_H
| # include <sys/types.h>
| #endif
| #ifdef HAVE_SYS_STAT_H
| # include <sys/stat.h>
| #endif
| #ifdef STDC_HEADERS
| # include <stdlib.h>
| # include <stddef.h>
| #else
| # ifdef HAVE_STDLIB_H
| #  include <stdlib.h>
| # endif
| #endif
| #ifdef HAVE_STRING_H
| # if !defined STDC_HEADERS && defined HAVE_MEMORY_H
| #  include <memory.h>
| # endif
| # include <string.h>
| #endif
| #ifdef HAVE_STRINGS_H
| # include <strings.h>
| #endif
| #ifdef HAVE_INTTYPES_H
| # include <inttypes.h>
| #endif
| #ifdef HAVE_STDINT_H
| # include <stdint.h>
| #endif
| #ifdef HAVE_UNISTD_H
| # include <unistd.h>
| #endif
| int
| main ()
| {
| if (sizeof ((size_t)))
| 	    return 0;
|   ;
|   return 0;
| }
configure:5796: result: yes
configure:5810: checking for ssize_t
configure:5810: gcc -c   conftest.c >&5
configure:5810: $? = 0
configure:5810: gcc -c   conftest.c >&5
conftest.c: In function 'main':
conftest.c:72:22: error: expected expression before ')' token
 if (sizeof ((ssize_t)))
                      ^
configure:5810: $? = 1
configure: failed program was:
| /* confdefs.h */
| #define PACKAGE_NAME "i3"
| #define PACKAGE_TARNAME "i3"
| #define PACKAGE_VERSION "4.15"
| #define PACKAGE_STRING "i3 4.15"
| #define PACKAGE_BUGREPORT "https://github.com/i3/i3/issues"
| #define PACKAGE_URL ""
| #define PACKAGE "i3"
| #define VERSION "4.15"
| #define I3_VERSION "4.15 (2018-03-10)"
| #define MAJOR_VERSION 4
| #define MINOR_VERSION 15
| #define PATCH_VERSION 0
| #define UNUSED_NDEBUG /**/
| #define STDC_HEADERS 1
| #define HAVE_SYS_TYPES_H 1
| #define HAVE_SYS_STAT_H 1
| #define HAVE_STDLIB_H 1
| #define HAVE_STRING_H 1
| #define HAVE_MEMORY_H 1
| #define HAVE_STRINGS_H 1
| #define HAVE_INTTYPES_H 1
| #define HAVE_STDINT_H 1
| #define HAVE_UNISTD_H 1
| #define __EXTENSIONS__ 1
| #define _ALL_SOURCE 1
| #define _GNU_SOURCE 1
| #define _POSIX_PTHREAD_SEMANTICS 1
| #define _TANDEM_SOURCE 1
| #define HAVE__BOOL 1
| #define HAVE_MODE_T 1
| #define HAVE_OFF_T 1
| #define HAVE_PID_T 1
| #define HAVE_SIZE_T 1
| /* end confdefs.h.  */
| #include <stdio.h>
| #ifdef HAVE_SYS_TYPES_H
| # include <sys/types.h>
| #endif
| #ifdef HAVE_SYS_STAT_H
| # include <sys/stat.h>
| #endif
| #ifdef STDC_HEADERS
| # include <stdlib.h>
| # include <stddef.h>
| #else
| # ifdef HAVE_STDLIB_H
| #  include <stdlib.h>
| # endif
| #endif
| #ifdef HAVE_STRING_H
| # if !defined STDC_HEADERS && defined HAVE_MEMORY_H
| #  include <memory.h>
| # endif
| # include <string.h>
| #endif
| #ifdef HAVE_STRINGS_H
| # include <strings.h>
| #endif
| #ifdef HAVE_INTTYPES_H
| # include <inttypes.h>
| #endif
| #ifdef HAVE_STDINT_H
| # include <stdint.h>
| #endif
| #ifdef HAVE_UNISTD_H
| # include <unistd.h>
| #endif
| int
| main ()
| {
| if (sizeof ((ssize_t)))
| 	    return 0;
|   ;
|   return 0;
| }
configure:5810: result: yes
configure:5827: checking for pid_t
configure:5827: result: yes
configure:5840: checking vfork.h usability
configure:5840: gcc -c   conftest.c >&5
conftest.c:70:19: fatal error: vfork.h: No such file or directory
compilation terminated.
configure:5840: $? = 1
configure: failed program was:
| /* confdefs.h */
| #define PACKAGE_NAME "i3"
| #define PACKAGE_TARNAME "i3"
| #define PACKAGE_VERSION "4.15"
| #define PACKAGE_STRING "i3 4.15"
| #define PACKAGE_BUGREPORT "https://github.com/i3/i3/issues"
| #define PACKAGE_URL ""
| #define PACKAGE "i3"
| #define VERSION "4.15"
| #define I3_VERSION "4.15 (2018-03-10)"
| #define MAJOR_VERSION 4
| #define MINOR_VERSION 15
| #define PATCH_VERSION 0
| #define UNUSED_NDEBUG /**/
| #define STDC_HEADERS 1
| #define HAVE_SYS_TYPES_H 1
| #define HAVE_SYS_STAT_H 1
| #define HAVE_STDLIB_H 1
| #define HAVE_STRING_H 1
| #define HAVE_MEMORY_H 1
| #define HAVE_STRINGS_H 1
| #define HAVE_INTTYPES_H 1
| #define HAVE_STDINT_H 1
| #define HAVE_UNISTD_H 1
| #define __EXTENSIONS__ 1
| #define _ALL_SOURCE 1
| #define _GNU_SOURCE 1
| #define _POSIX_PTHREAD_SEMANTICS 1
| #define _TANDEM_SOURCE 1
| #define HAVE__BOOL 1
| #define HAVE_MODE_T 1
| #define HAVE_OFF_T 1
| #define HAVE_PID_T 1
| #define HAVE_SIZE_T 1
| #define HAVE_SSIZE_T 1
| /* end confdefs.h.  */
| #include <stdio.h>
| #ifdef HAVE_SYS_TYPES_H
| # include <sys/types.h>
| #endif
| #ifdef HAVE_SYS_STAT_H
| # include <sys/stat.h>
| #endif
| #ifdef STDC_HEADERS
| # include <stdlib.h>
| # include <stddef.h>
| #else
| # ifdef HAVE_STDLIB_H
| #  include <stdlib.h>
| # endif
| #endif
| #ifdef HAVE_STRING_H
| # if !defined STDC_HEADERS && defined HAVE_MEMORY_H
| #  include <memory.h>
| # endif
| # include <string.h>
| #endif
| #ifdef HAVE_STRINGS_H
| # include <strings.h>
| #endif
| #ifdef HAVE_INTTYPES_H
| # include <inttypes.h>
| #endif
| #ifdef HAVE_STDINT_H
| # include <stdint.h>
| #endif
| #ifdef HAVE_UNISTD_H
| # include <unistd.h>
| #endif
| #include <vfork.h>
configure:5840: result: no
configure:5840: checking vfork.h presence
configure:5840: gcc -E  conftest.c
conftest.c:37:19: fatal error: vfork.h: No such file or directory
compilation terminated.
configure:5840: $? = 1
configure: failed program was:
| /* confdefs.h */
| #define PACKAGE_NAME "i3"
| #define PACKAGE_TARNAME "i3"
| #define PACKAGE_VERSION "4.15"
| #define PACKAGE_STRING "i3 4.15"
| #define PACKAGE_BUGREPORT "https://github.com/i3/i3/issues"
| #define PACKAGE_URL ""
| #define PACKAGE "i3"
| #define VERSION "4.15"
| #define I3_VERSION "4.15 (2018-03-10)"
| #define MAJOR_VERSION 4
| #define MINOR_VERSION 15
| #define PATCH_VERSION 0
| #define UNUSED_NDEBUG /**/
| #define STDC_HEADERS 1
| #define HAVE_SYS_TYPES_H 1
| #define HAVE_SYS_STAT_H 1
| #define HAVE_STDLIB_H 1
| #define HAVE_STRING_H 1
| #define HAVE_MEMORY_H 1
| #define HAVE_STRINGS_H 1
| #define HAVE_INTTYPES_H 1
| #define HAVE_STDINT_H 1
| #define HAVE_UNISTD_H 1
| #define __EXTENSIONS__ 1
| #define _ALL_SOURCE 1
| #define _GNU_SOURCE 1
| #define _POSIX_PTHREAD_SEMANTICS 1
| #define _TANDEM_SOURCE 1
| #define HAVE__BOOL 1
| #define HAVE_MODE_T 1
| #define HAVE_OFF_T 1
| #define HAVE_PID_T 1
| #define HAVE_SIZE_T 1
| #define HAVE_SSIZE_T 1
| /* end confdefs.h.  */
| #include <vfork.h>
configure:5840: result: no
configure:5840: checking for vfork.h
configure:5840: result: no
configure:5853: checking for fork
configure:5853: gcc -o conftest    conftest.c  >&5
conftest.c:60:6: warning: conflicting types for built-in function 'fork'
 char fork ();
      ^
configure:5853: $? = 0
configure:5853: result: yes
configure:5853: checking for vfork
configure:5853: gcc -o conftest    conftest.c  >&5
configure:5853: $? = 0
configure:5853: result: yes
configure:5863: checking for working fork
configure:5885: gcc -o conftest    conftest.c  >&5
configure:5885: $? = 0
configure:5885: ./conftest
configure:5885: $? = 0
configure:5895: result: yes
configure:5916: checking for working vfork
configure:6026: result: yes
configure:6051: checking whether lstat correctly handles trailing slash
configure:6077: gcc -o conftest    conftest.c  >&5
configure:6077: $? = 0
configure:6077: ./conftest
configure:6077: $? = 0
configure:6094: result: yes
configure:6113: checking for working strnlen
configure:6151: gcc -o conftest    conftest.c  >&5
configure:6151: $? = 0
configure:6151: ./conftest
configure:6151: $? = 0
configure:6161: result: yes
configure:6173: checking for atexit
configure:6173: gcc -o conftest    conftest.c  >&5
configure:6173: $? = 0
configure:6173: result: yes
configure:6173: checking for dup2
configure:6173: gcc -o conftest    conftest.c  >&5
configure:6173: $? = 0
configure:6173: result: yes
configure:6173: checking for ftruncate
configure:6173: gcc -o conftest    conftest.c  >&5
configure:6173: $? = 0
configure:6173: result: yes
configure:6173: checking for getcwd
configure:6173: gcc -o conftest    conftest.c  >&5
configure:6173: $? = 0
configure:6173: result: yes
configure:6173: checking for gettimeofday
configure:6173: gcc -o conftest    conftest.c  >&5
configure:6173: $? = 0
configure:6173: result: yes
configure:6173: checking for localtime_r
configure:6173: gcc -o conftest    conftest.c  >&5
configure:6173: $? = 0
configure:6173: result: yes
configure:6173: checking for memchr
configure:6173: gcc -o conftest    conftest.c  >&5
conftest.c:71:6: warning: conflicting types for built-in function 'memchr'
 char memchr ();
      ^
configure:6173: $? = 0
configure:6173: result: yes
configure:6173: checking for memset
configure:6173: gcc -o conftest    conftest.c  >&5
conftest.c:72:6: warning: conflicting types for built-in function 'memset'
 char memset ();
      ^
configure:6173: $? = 0
configure:6173: result: yes
configure:6173: checking for mkdir
configure:6173: gcc -o conftest    conftest.c  >&5
configure:6173: $? = 0
configure:6173: result: yes
configure:6173: checking for rmdir
configure:6173: gcc -o conftest    conftest.c  >&5
configure:6173: $? = 0
configure:6173: result: yes
configure:6173: checking for setlocale
configure:6173: gcc -o conftest    conftest.c  >&5
configure:6173: $? = 0
configure:6173: result: yes
configure:6173: checking for socket
configure:6173: gcc -o conftest    conftest.c  >&5
configure:6173: $? = 0
configure:6173: result: yes
configure:6173: checking for strcasecmp
configure:6173: gcc -o conftest    conftest.c  >&5
conftest.c:77:6: warning: conflicting types for built-in function 'strcasecmp'
 char strcasecmp ();
      ^
configure:6173: $? = 0
configure:6173: result: yes
configure:6173: checking for strchr
configure:6173: gcc -o conftest    conftest.c  >&5
conftest.c:78:6: warning: conflicting types for built-in function 'strchr'
 char strchr ();
      ^
configure:6173: $? = 0
configure:6173: result: yes
configure:6173: checking for strdup
configure:6173: gcc -o conftest    conftest.c  >&5
conftest.c:79:6: warning: conflicting types for built-in function 'strdup'
 char strdup ();
      ^
configure:6173: $? = 0
configure:6173: result: yes
configure:6173: checking for strerror
configure:6173: gcc -o conftest    conftest.c  >&5
configure:6173: $? = 0
configure:6173: result: yes
configure:6173: checking for strncasecmp
configure:6173: gcc -o conftest    conftest.c  >&5
conftest.c:81:6: warning: conflicting types for built-in function 'strncasecmp'
 char strncasecmp ();
      ^
configure:6173: $? = 0
configure:6173: result: yes
configure:6173: checking for strndup
configure:6173: gcc -o conftest    conftest.c  >&5
conftest.c:82:6: warning: conflicting types for built-in function 'strndup'
 char strndup ();
      ^
configure:6173: $? = 0
configure:6173: result: yes
configure:6173: checking for strrchr
configure:6173: gcc -o conftest    conftest.c  >&5
conftest.c:83:6: warning: conflicting types for built-in function 'strrchr'
 char strrchr ();
      ^
configure:6173: $? = 0
configure:6173: result: yes
configure:6173: checking for strspn
configure:6173: gcc -o conftest    conftest.c  >&5
conftest.c:84:6: warning: conflicting types for built-in function 'strspn'
 char strspn ();
      ^
configure:6173: $? = 0
configure:6173: result: yes
configure:6173: checking for strstr
configure:6173: gcc -o conftest    conftest.c  >&5
conftest.c:85:6: warning: conflicting types for built-in function 'strstr'
 char strstr ();
      ^
configure:6173: $? = 0
configure:6173: result: yes
configure:6173: checking for strtol
configure:6173: gcc -o conftest    conftest.c  >&5
configure:6173: $? = 0
configure:6173: result: yes
configure:6173: checking for strtoul
configure:6173: gcc -o conftest    conftest.c  >&5
configure:6173: $? = 0
configure:6173: result: yes
configure:6190: checking for library containing floor
configure:6221: gcc -o conftest    conftest.c  >&5
conftest.c:72:6: warning: conflicting types for built-in function 'floor'
 char floor ();
      ^
/tmp/ccaISZZv.o: In function `main':
conftest.c:(.text+0xa): undefined reference to `floor'
collect2: error: ld returned 1 exit status
configure:6221: $? = 1
configure: failed program was:
| /* confdefs.h */
| #define PACKAGE_NAME "i3"
| #define PACKAGE_TARNAME "i3"
| #define PACKAGE_VERSION "4.15"
| #define PACKAGE_STRING "i3 4.15"
| #define PACKAGE_BUGREPORT "https://github.com/i3/i3/issues"
| #define PACKAGE_URL ""
| #define PACKAGE "i3"
| #define VERSION "4.15"
| #define I3_VERSION "4.15 (2018-03-10)"
| #define MAJOR_VERSION 4
| #define MINOR_VERSION 15
| #define PATCH_VERSION 0
| #define UNUSED_NDEBUG /**/
| #define STDC_HEADERS 1
| #define HAVE_SYS_TYPES_H 1
| #define HAVE_SYS_STAT_H 1
| #define HAVE_STDLIB_H 1
| #define HAVE_STRING_H 1
| #define HAVE_MEMORY_H 1
| #define HAVE_STRINGS_H 1
| #define HAVE_INTTYPES_H 1
| #define HAVE_STDINT_H 1
| #define HAVE_UNISTD_H 1
| #define __EXTENSIONS__ 1
| #define _ALL_SOURCE 1
| #define _GNU_SOURCE 1
| #define _POSIX_PTHREAD_SEMANTICS 1
| #define _TANDEM_SOURCE 1
| #define HAVE__BOOL 1
| #define HAVE_MODE_T 1
| #define HAVE_OFF_T 1
| #define HAVE_PID_T 1
| #define HAVE_SIZE_T 1
| #define HAVE_SSIZE_T 1
| #define HAVE_FORK 1
| #define HAVE_VFORK 1
| #define HAVE_WORKING_VFORK 1
| #define HAVE_WORKING_FORK 1
| #define LSTAT_FOLLOWS_SLASHED_SYMLINK 1
| #define HAVE_ATEXIT 1
| #define HAVE_DUP2 1
| #define HAVE_FTRUNCATE 1
| #define HAVE_GETCWD 1
| #define HAVE_GETTIMEOFDAY 1
| #define HAVE_LOCALTIME_R 1
| #define HAVE_MEMCHR 1
| #define HAVE_MEMSET 1
| #define HAVE_MKDIR 1
| #define HAVE_RMDIR 1
| #define HAVE_SETLOCALE 1
| #define HAVE_SOCKET 1
| #define HAVE_STRCASECMP 1
| #define HAVE_STRCHR 1
| #define HAVE_STRDUP 1
| #define HAVE_STRERROR 1
| #define HAVE_STRNCASECMP 1
| #define HAVE_STRNDUP 1
| #define HAVE_STRRCHR 1
| #define HAVE_STRSPN 1
| #define HAVE_STRSTR 1
| #define HAVE_STRTOL 1
| #define HAVE_STRTOUL 1
| /* end confdefs.h.  */
| 
| /* Override any GCC internal prototype to avoid an error.
|    Use char because int might match the return type of a GCC
|    builtin and then its argument prototype would still apply.  */
| #ifdef __cplusplus
| extern "C"
| #endif
| char floor ();
| int
| main ()
| {
| return floor ();
|   ;
|   return 0;
| }
configure:6221: gcc -o conftest    conftest.c -lm   >&5
conftest.c:72:6: warning: conflicting types for built-in function 'floor'
 char floor ();
      ^
configure:6221: $? = 0
configure:6238: result: -lm
configure:6253: checking for library containing ev_run
configure:6284: gcc -o conftest    conftest.c -lm  >&5
/tmp/cc1Ep1UC.o: In function `main':
conftest.c:(.text+0xa): undefined reference to `ev_run'
collect2: error: ld returned 1 exit status
configure:6284: $? = 1
configure: failed program was:
| /* confdefs.h */
| #define PACKAGE_NAME "i3"
| #define PACKAGE_TARNAME "i3"
| #define PACKAGE_VERSION "4.15"
| #define PACKAGE_STRING "i3 4.15"
| #define PACKAGE_BUGREPORT "https://github.com/i3/i3/issues"
| #define PACKAGE_URL ""
| #define PACKAGE "i3"
| #define VERSION "4.15"
| #define I3_VERSION "4.15 (2018-03-10)"
| #define MAJOR_VERSION 4
| #define MINOR_VERSION 15
| #define PATCH_VERSION 0
| #define UNUSED_NDEBUG /**/
| #define STDC_HEADERS 1
| #define HAVE_SYS_TYPES_H 1
| #define HAVE_SYS_STAT_H 1
| #define HAVE_STDLIB_H 1
| #define HAVE_STRING_H 1
| #define HAVE_MEMORY_H 1
| #define HAVE_STRINGS_H 1
| #define HAVE_INTTYPES_H 1
| #define HAVE_STDINT_H 1
| #define HAVE_UNISTD_H 1
| #define __EXTENSIONS__ 1
| #define _ALL_SOURCE 1
| #define _GNU_SOURCE 1
| #define _POSIX_PTHREAD_SEMANTICS 1
| #define _TANDEM_SOURCE 1
| #define HAVE__BOOL 1
| #define HAVE_MODE_T 1
| #define HAVE_OFF_T 1
| #define HAVE_PID_T 1
| #define HAVE_SIZE_T 1
| #define HAVE_SSIZE_T 1
| #define HAVE_FORK 1
| #define HAVE_VFORK 1
| #define HAVE_WORKING_VFORK 1
| #define HAVE_WORKING_FORK 1
| #define LSTAT_FOLLOWS_SLASHED_SYMLINK 1
| #define HAVE_ATEXIT 1
| #define HAVE_DUP2 1
| #define HAVE_FTRUNCATE 1
| #define HAVE_GETCWD 1
| #define HAVE_GETTIMEOFDAY 1
| #define HAVE_LOCALTIME_R 1
| #define HAVE_MEMCHR 1
| #define HAVE_MEMSET 1
| #define HAVE_MKDIR 1
| #define HAVE_RMDIR 1
| #define HAVE_SETLOCALE 1
| #define HAVE_SOCKET 1
| #define HAVE_STRCASECMP 1
| #define HAVE_STRCHR 1
| #define HAVE_STRDUP 1
| #define HAVE_STRERROR 1
| #define HAVE_STRNCASECMP 1
| #define HAVE_STRNDUP 1
| #define HAVE_STRRCHR 1
| #define HAVE_STRSPN 1
| #define HAVE_STRSTR 1
| #define HAVE_STRTOL 1
| #define HAVE_STRTOUL 1
| /* end confdefs.h.  */
| 
| /* Override any GCC internal prototype to avoid an error.
|    Use char because int might match the return type of a GCC
|    builtin and then its argument prototype would still apply.  */
| #ifdef __cplusplus
| extern "C"
| #endif
| char ev_run ();
| int
| main ()
| {
| return ev_run ();
|   ;
|   return 0;
| }
configure:6284: gcc -o conftest    conftest.c -lev  -lm  >&5
configure:6284: $? = 0
configure:6301: result: -lev
configure:6315: checking for library containing shm_open
configure:6346: gcc -o conftest    conftest.c -lev -lm  >&5
/tmp/ccsYVysM.o: In function `main':
conftest.c:(.text+0xa): undefined reference to `shm_open'
collect2: error: ld returned 1 exit status
configure:6346: $? = 1
configure: failed program was:
| /* confdefs.h */
| #define PACKAGE_NAME "i3"
| #define PACKAGE_TARNAME "i3"
| #define PACKAGE_VERSION "4.15"
| #define PACKAGE_STRING "i3 4.15"
| #define PACKAGE_BUGREPORT "https://github.com/i3/i3/issues"
| #define PACKAGE_URL ""
| #define PACKAGE "i3"
| #define VERSION "4.15"
| #define I3_VERSION "4.15 (2018-03-10)"
| #define MAJOR_VERSION 4
| #define MINOR_VERSION 15
| #define PATCH_VERSION 0
| #define UNUSED_NDEBUG /**/
| #define STDC_HEADERS 1
| #define HAVE_SYS_TYPES_H 1
| #define HAVE_SYS_STAT_H 1
| #define HAVE_STDLIB_H 1
| #define HAVE_STRING_H 1
| #define HAVE_MEMORY_H 1
| #define HAVE_STRINGS_H 1
| #define HAVE_INTTYPES_H 1
| #define HAVE_STDINT_H 1
| #define HAVE_UNISTD_H 1
| #define __EXTENSIONS__ 1
| #define _ALL_SOURCE 1
| #define _GNU_SOURCE 1
| #define _POSIX_PTHREAD_SEMANTICS 1
| #define _TANDEM_SOURCE 1
| #define HAVE__BOOL 1
| #define HAVE_MODE_T 1
| #define HAVE_OFF_T 1
| #define HAVE_PID_T 1
| #define HAVE_SIZE_T 1
| #define HAVE_SSIZE_T 1
| #define HAVE_FORK 1
| #define HAVE_VFORK 1
| #define HAVE_WORKING_VFORK 1
| #define HAVE_WORKING_FORK 1
| #define LSTAT_FOLLOWS_SLASHED_SYMLINK 1
| #define HAVE_ATEXIT 1
| #define HAVE_DUP2 1
| #define HAVE_FTRUNCATE 1
| #define HAVE_GETCWD 1
| #define HAVE_GETTIMEOFDAY 1
| #define HAVE_LOCALTIME_R 1
| #define HAVE_MEMCHR 1
| #define HAVE_MEMSET 1
| #define HAVE_MKDIR 1
| #define HAVE_RMDIR 1
| #define HAVE_SETLOCALE 1
| #define HAVE_SOCKET 1
| #define HAVE_STRCASECMP 1
| #define HAVE_STRCHR 1
| #define HAVE_STRDUP 1
| #define HAVE_STRERROR 1
| #define HAVE_STRNCASECMP 1
| #define HAVE_STRNDUP 1
| #define HAVE_STRRCHR 1
| #define HAVE_STRSPN 1
| #define HAVE_STRSTR 1
| #define HAVE_STRTOL 1
| #define HAVE_STRTOUL 1
| /* end confdefs.h.  */
| 
| /* Override any GCC internal prototype to avoid an error.
|    Use char because int might match the return type of a GCC
|    builtin and then its argument prototype would still apply.  */
| #ifdef __cplusplus
| extern "C"
| #endif
| char shm_open ();
| int
| main ()
| {
| return shm_open ();
|   ;
|   return 0;
| }
configure:6346: gcc -o conftest    conftest.c -lrt  -lev -lm  >&5
configure:6346: $? = 0
configure:6363: result: -lrt
configure:6372: checking for library containing iconv_open
configure:6403: gcc -o conftest    conftest.c -lrt -lev -lm  >&5
configure:6403: $? = 0
configure:6420: result: none required
configure:6617: checking whether gcc is Clang
configure:6642: result: no
configure:6765: checking whether pthreads work with -pthread
configure:6859: gcc -o conftest  -pthread   conftest.c  -lrt -lev -lm  >&5
configure:6859: $? = 0
configure:6868: result: yes
configure:6887: checking for joinable pthread attribute
configure:6905: gcc -o conftest  -pthread   conftest.c  -lrt -lev -lm  >&5
configure:6905: $? = 0
configure:6913: result: PTHREAD_CREATE_JOINABLE
configure:6927: checking whether more special flags are required for pthreads
configure:6940: result: no
configure:6948: checking for PTHREAD_PRIO_INHERIT
configure:6964: gcc -o conftest  -pthread   conftest.c  -lrt -lev -lm  >&5
configure:6964: $? = 0
configure:6973: result: yes
configure:7130: checking for pkg-config
configure:7148: found /usr/bin/pkg-config
configure:7160: result: /usr/bin/pkg-config
configure:7185: checking pkg-config is at least version 0.9.0
configure:7188: result: yes
configure:7198: checking for LIBSN
configure:7205: $PKG_CONFIG --exists --print-errors "libstartup-notification-1.0"
configure:7208: $? = 0
configure:7222: $PKG_CONFIG --exists --print-errors "libstartup-notification-1.0"
configure:7225: $? = 0
configure:7283: result: yes
configure:7289: checking for XCB
configure:7296: $PKG_CONFIG --exists --print-errors "xcb xcb-xkb xcb-xinerama xcb-randr"
configure:7299: $? = 0
configure:7313: $PKG_CONFIG --exists --print-errors "xcb xcb-xkb xcb-xinerama xcb-randr"
configure:7316: $? = 0
configure:7374: result: yes
configure:7380: checking for XCB_UTIL
configure:7387: $PKG_CONFIG --exists --print-errors "xcb-event xcb-util"
configure:7390: $? = 0
configure:7404: $PKG_CONFIG --exists --print-errors "xcb-event xcb-util"
configure:7407: $? = 0
configure:7465: result: yes
configure:7471: checking for XCB_UTIL_CURSOR
configure:7478: $PKG_CONFIG --exists --print-errors "xcb-cursor"
configure:7481: $? = 0
configure:7495: $PKG_CONFIG --exists --print-errors "xcb-cursor"
configure:7498: $? = 0
configure:7556: result: yes
configure:7562: checking for XCB_UTIL_KEYSYMS
configure:7569: $PKG_CONFIG --exists --print-errors "xcb-keysyms"
configure:7572: $? = 0
configure:7586: $PKG_CONFIG --exists --print-errors "xcb-keysyms"
configure:7589: $? = 0
configure:7647: result: yes
configure:7653: checking for XCB_UTIL_WM
configure:7660: $PKG_CONFIG --exists --print-errors "xcb-icccm"
configure:7663: $? = 0
configure:7677: $PKG_CONFIG --exists --print-errors "xcb-icccm"
configure:7680: $? = 0
configure:7738: result: yes
configure:7744: checking for XCB_UTIL_XRM
configure:7751: $PKG_CONFIG --exists --print-errors "xcb-xrm"
configure:7754: $? = 0
configure:7768: $PKG_CONFIG --exists --print-errors "xcb-xrm"
configure:7771: $? = 0
configure:7829: result: yes
configure:7835: checking for XKBCOMMON
configure:7842: $PKG_CONFIG --exists --print-errors "xkbcommon xkbcommon-x11"
configure:7845: $? = 0
configure:7859: $PKG_CONFIG --exists --print-errors "xkbcommon xkbcommon-x11"
configure:7862: $? = 0
configure:7920: result: yes
configure:7926: checking for YAJL
configure:7933: $PKG_CONFIG --exists --print-errors "yajl"
configure:7936: $? = 0
configure:7950: $PKG_CONFIG --exists --print-errors "yajl"
configure:7953: $? = 0
configure:8011: result: yes
configure:8017: checking for LIBPCRE
configure:8024: $PKG_CONFIG --exists --print-errors "libpcre >= 8.10"
configure:8027: $? = 0
configure:8041: $PKG_CONFIG --exists --print-errors "libpcre >= 8.10"
configure:8044: $? = 0
configure:8102: result: yes
configure:8108: checking for PANGOCAIRO
configure:8115: $PKG_CONFIG --exists --print-errors "cairo >= 1.14.4 pangocairo"
configure:8118: $? = 0
configure:8132: $PKG_CONFIG --exists --print-errors "cairo >= 1.14.4 pangocairo"
configure:8135: $? = 0
configure:8193: result: yes
configure:8203: checking for gawk
configure:8230: result: gawk
configure:8246: checking how to run the C preprocessor
configure:8316: result: gcc -E
configure:8336: gcc -E  conftest.c
configure:8336: $? = 0
configure:8350: gcc -E  conftest.c
conftest.c:67:28: fatal error: ac_nonexistent.h: No such file or directory
compilation terminated.
configure:8350: $? = 1
configure: failed program was:
| /* confdefs.h */
| #define PACKAGE_NAME "i3"
| #define PACKAGE_TARNAME "i3"
| #define PACKAGE_VERSION "4.15"
| #define PACKAGE_STRING "i3 4.15"
| #define PACKAGE_BUGREPORT "https://github.com/i3/i3/issues"
| #define PACKAGE_URL ""
| #define PACKAGE "i3"
| #define VERSION "4.15"
| #define I3_VERSION "4.15 (2018-03-10)"
| #define MAJOR_VERSION 4
| #define MINOR_VERSION 15
| #define PATCH_VERSION 0
| #define UNUSED_NDEBUG /**/
| #define STDC_HEADERS 1
| #define HAVE_SYS_TYPES_H 1
| #define HAVE_SYS_STAT_H 1
| #define HAVE_STDLIB_H 1
| #define HAVE_STRING_H 1
| #define HAVE_MEMORY_H 1
| #define HAVE_STRINGS_H 1
| #define HAVE_INTTYPES_H 1
| #define HAVE_STDINT_H 1
| #define HAVE_UNISTD_H 1
| #define __EXTENSIONS__ 1
| #define _ALL_SOURCE 1
| #define _GNU_SOURCE 1
| #define _POSIX_PTHREAD_SEMANTICS 1
| #define _TANDEM_SOURCE 1
| #define HAVE__BOOL 1
| #define HAVE_MODE_T 1
| #define HAVE_OFF_T 1
| #define HAVE_PID_T 1
| #define HAVE_SIZE_T 1
| #define HAVE_SSIZE_T 1
| #define HAVE_FORK 1
| #define HAVE_VFORK 1
| #define HAVE_WORKING_VFORK 1
| #define HAVE_WORKING_FORK 1
| #define LSTAT_FOLLOWS_SLASHED_SYMLINK 1
| #define HAVE_ATEXIT 1
| #define HAVE_DUP2 1
| #define HAVE_FTRUNCATE 1
| #define HAVE_GETCWD 1
| #define HAVE_GETTIMEOFDAY 1
| #define HAVE_LOCALTIME_R 1
| #define HAVE_MEMCHR 1
| #define HAVE_MEMSET 1
| #define HAVE_MKDIR 1
| #define HAVE_RMDIR 1
| #define HAVE_SETLOCALE 1
| #define HAVE_SOCKET 1
| #define HAVE_STRCASECMP 1
| #define HAVE_STRCHR 1
| #define HAVE_STRDUP 1
| #define HAVE_STRERROR 1
| #define HAVE_STRNCASECMP 1
| #define HAVE_STRNDUP 1
| #define HAVE_STRRCHR 1
| #define HAVE_STRSPN 1
| #define HAVE_STRSTR 1
| #define HAVE_STRTOL 1
| #define HAVE_STRTOUL 1
| #define HAVE_PTHREAD_PRIO_INHERIT 1
| #define HAVE_PTHREAD 1
| /* end confdefs.h.  */
| #include <ac_nonexistent.h>
configure:8379: checking whether make sets $(MAKE)
configure:8401: result: yes
configure:8453: checking for ranlib
configure:8469: found /usr/bin/ranlib
configure:8480: result: ranlib
configure:8502: checking whether ln -s works
configure:8506: result: yes
configure:8516: checking for asciidoc
configure:8549: result: no
configure:8556: checking for xmlto
configure:8589: result: no
configure:8596: checking for pod2man
configure:8614: found /usr/bin/pod2man
configure:8626: result: /usr/bin/pod2man
configure:8701: checking for ar
configure:8717: found /usr/bin/ar
configure:8728: result: ar
configure:8754: checking the archiver (ar) interface
configure:8770: gcc -c   conftest.c >&5
configure:8770: $? = 0
configure:8772: ar cru libconftest.a conftest.o >&5
ar: `u' modifier ignored since `D' is the default (see `U')
configure:8775: $? = 0
configure:8803: result: ar
configure:8824: checking CFLAGS for maximum warnings
configure:8844: gcc -c  -warn all  -warn all  conftest.c >&5
gcc: error: all: No such file or directory
gcc: error: all: No such file or directory
gcc: error: unrecognized command line option '-warn'
gcc: error: unrecognized command line option '-warn'
configure:8844: $? = 1
configure: failed program was:
| /* confdefs.h */
| #define PACKAGE_NAME "i3"
| #define PACKAGE_TARNAME "i3"
| #define PACKAGE_VERSION "4.15"
| #define PACKAGE_STRING "i3 4.15"
| #define PACKAGE_BUGREPORT "https://github.com/i3/i3/issues"
| #define PACKAGE_URL ""
| #define PACKAGE "i3"
| #define VERSION "4.15"
| #define I3_VERSION "4.15 (2018-03-10)"
| #define MAJOR_VERSION 4
| #define MINOR_VERSION 15
| #define PATCH_VERSION 0
| #define UNUSED_NDEBUG /**/
| #define STDC_HEADERS 1
| #define HAVE_SYS_TYPES_H 1
| #define HAVE_SYS_STAT_H 1
| #define HAVE_STDLIB_H 1
| #define HAVE_STRING_H 1
| #define HAVE_MEMORY_H 1
| #define HAVE_STRINGS_H 1
| #define HAVE_INTTYPES_H 1
| #define HAVE_STDINT_H 1
| #define HAVE_UNISTD_H 1
| #define __EXTENSIONS__ 1
| #define _ALL_SOURCE 1
| #define _GNU_SOURCE 1
| #define _POSIX_PTHREAD_SEMANTICS 1
| #define _TANDEM_SOURCE 1
| #define HAVE__BOOL 1
| #define HAVE_MODE_T 1
| #define HAVE_OFF_T 1
| #define HAVE_PID_T 1
| #define HAVE_SIZE_T 1
| #define HAVE_SSIZE_T 1
| #define HAVE_FORK 1
| #define HAVE_VFORK 1
| #define HAVE_WORKING_VFORK 1
| #define HAVE_WORKING_FORK 1
| #define LSTAT_FOLLOWS_SLASHED_SYMLINK 1
| #define HAVE_ATEXIT 1
| #define HAVE_DUP2 1
| #define HAVE_FTRUNCATE 1
| #define HAVE_GETCWD 1
| #define HAVE_GETTIMEOFDAY 1
| #define HAVE_LOCALTIME_R 1
| #define HAVE_MEMCHR 1
| #define HAVE_MEMSET 1
| #define HAVE_MKDIR 1
| #define HAVE_RMDIR 1
| #define HAVE_SETLOCALE 1
| #define HAVE_SOCKET 1
| #define HAVE_STRCASECMP 1
| #define HAVE_STRCHR 1
| #define HAVE_STRDUP 1
| #define HAVE_STRERROR 1
| #define HAVE_STRNCASECMP 1
| #define HAVE_STRNDUP 1
| #define HAVE_STRRCHR 1
| #define HAVE_STRSPN 1
| #define HAVE_STRSTR 1
| #define HAVE_STRTOL 1
| #define HAVE_STRTOUL 1
| #define HAVE_PTHREAD_PRIO_INHERIT 1
| #define HAVE_PTHREAD 1
| /* end confdefs.h.  */
| 
| int
| main ()
| {
| 
|   ;
|   return 0;
| }
configure:8844: gcc -c  -pedantic  -Wall  conftest.c >&5
configure:8844: $? = 0
configure:8852: result: -Wall
configure:8872: : CFLAGS="$CFLAGS"
configure:8875: $? = 0
configure:8893: checking whether C compiler accepts -Wunused-value
configure:8912: gcc -c  -Wall  -Wunused-value  conftest.c >&5
configure:8912: $? = 0
configure:8920: result: yes
configure:8947: : AM_CFLAGS="$AM_CFLAGS"
configure:8950: $? = 0
configure:8965: checking fcntl.h usability
configure:8965: gcc -c  -Wall  conftest.c >&5
configure:8965: $? = 0
configure:8965: result: yes
configure:8965: checking fcntl.h presence
configure:8965: gcc -E  conftest.c
configure:8965: $? = 0
configure:8965: result: yes
configure:8965: checking for fcntl.h
configure:8965: result: yes
configure:8965: checking float.h usability
configure:8965: gcc -c  -Wall  conftest.c >&5
configure:8965: $? = 0
configure:8965: result: yes
configure:8965: checking float.h presence
configure:8965: gcc -E  conftest.c
configure:8965: $? = 0
configure:8965: result: yes
configure:8965: checking for float.h
configure:8965: result: yes
configure:8965: checking for inttypes.h
configure:8965: result: yes
configure:8965: checking limits.h usability
configure:8965: gcc -c  -Wall  conftest.c >&5
configure:8965: $? = 0
configure:8965: result: yes
configure:8965: checking limits.h presence
configure:8965: gcc -E  conftest.c
configure:8965: $? = 0
configure:8965: result: yes
configure:8965: checking for limits.h
configure:8965: result: yes
configure:8965: checking locale.h usability
configure:8965: gcc -c  -Wall  conftest.c >&5
configure:8965: $? = 0
configure:8965: result: yes
configure:8965: checking locale.h presence
configure:8965: gcc -E  conftest.c
configure:8965: $? = 0
configure:8965: result: yes
configure:8965: checking for locale.h
configure:8965: result: yes
configure:8965: checking netinet/in.h usability
configure:8965: gcc -c  -Wall  conftest.c >&5
configure:8965: $? = 0
configure:8965: result: yes
configure:8965: checking netinet/in.h presence
configure:8965: gcc -E  conftest.c
configure:8965: $? = 0
configure:8965: result: yes
configure:8965: checking for netinet/in.h
configure:8965: result: yes
configure:8965: checking paths.h usability
configure:8965: gcc -c  -Wall  conftest.c >&5
configure:8965: $? = 0
configure:8965: result: yes
configure:8965: checking paths.h presence
configure:8965: gcc -E  conftest.c
configure:8965: $? = 0
configure:8965: result: yes
configure:8965: checking for paths.h
configure:8965: result: yes
configure:8965: checking stddef.h usability
configure:8965: gcc -c  -Wall  conftest.c >&5
configure:8965: $? = 0
configure:8965: result: yes
configure:8965: checking stddef.h presence
configure:8965: gcc -E  conftest.c
configure:8965: $? = 0
configure:8965: result: yes
configure:8965: checking for stddef.h
configure:8965: result: yes
configure:8965: checking for stdint.h
configure:8965: result: yes
configure:8965: checking for stdlib.h
configure:8965: result: yes
configure:8965: checking for string.h
configure:8965: result: yes
configure:8965: checking sys/param.h usability
configure:8965: gcc -c  -Wall  conftest.c >&5
configure:8965: $? = 0
configure:8965: result: yes
configure:8965: checking sys/param.h presence
configure:8965: gcc -E  conftest.c
configure:8965: $? = 0
configure:8965: result: yes
configure:8965: checking for sys/param.h
configure:8965: result: yes
configure:8965: checking sys/socket.h usability
configure:8965: gcc -c  -Wall  conftest.c >&5
configure:8965: $? = 0
configure:8965: result: yes
configure:8965: checking sys/socket.h presence
configure:8965: gcc -E  conftest.c
configure:8965: $? = 0
configure:8965: result: yes
configure:8965: checking for sys/socket.h
configure:8965: result: yes
configure:8965: checking sys/time.h usability
configure:8965: gcc -c  -Wall  conftest.c >&5
configure:8965: $? = 0
configure:8965: result: yes
configure:8965: checking sys/time.h presence
configure:8965: gcc -E  conftest.c
configure:8965: $? = 0
configure:8965: result: yes
configure:8965: checking for sys/time.h
configure:8965: result: yes
configure:8965: checking for unistd.h
configure:8965: result: yes
configure:9829: checking that generated files are newer than configure
configure:9835: result: done
configure:9874: creating ./config.status

## ---------------------- ##
## Running config.status. ##
## ---------------------- ##

This file was extended by i3 config.status 4.15, which was
generated by GNU Autoconf 2.69.  Invocation command line was

  CONFIG_FILES    = 
  CONFIG_HEADERS  = 
  CONFIG_LINKS    = 
  CONFIG_COMMANDS = 
  $ ./config.status 

on chromulus

config.status:1120: creating Makefile
config.status:1120: creating testcases/lib/i3test.pm
config.status:1120: creating man/asciidoc.conf
config.status:1120: creating testcases/complete-run.pl
config.status:1120: creating config.h
config.status:1286: config.h is unchanged
config.status:1334: executing buildir commands
config.status:1474: reusing top_srcdir/Makefile from earlier configure
config.status:1479: build in x86_64-pc-linux-gnu (HOST=)
config.status:1334: executing depfiles commands

## ---------------- ##
## Cache variables. ##
## ---------------- ##

_cv_gnu_make_command=make
ac_cv_build=x86_64-pc-linux-gnu
ac_cv_c_compiler_gnu=yes
ac_cv_cflags_warn_all=-Wall
ac_cv_env_CC_set=
ac_cv_env_CC_value=
ac_cv_env_CFLAGS_set=
ac_cv_env_CFLAGS_value=
ac_cv_env_CPPFLAGS_set=
ac_cv_env_CPPFLAGS_value=
ac_cv_env_CPP_set=
ac_cv_env_CPP_value=
ac_cv_env_LDFLAGS_set=
ac_cv_env_LDFLAGS_value=
ac_cv_env_LIBPCRE_CFLAGS_set=
ac_cv_env_LIBPCRE_CFLAGS_value=
ac_cv_env_LIBPCRE_LIBS_set=
ac_cv_env_LIBPCRE_LIBS_value=
ac_cv_env_LIBSN_CFLAGS_set=
ac_cv_env_LIBSN_CFLAGS_value=
ac_cv_env_LIBSN_LIBS_set=
ac_cv_env_LIBSN_LIBS_value=
ac_cv_env_LIBS_set=
ac_cv_env_LIBS_value=
ac_cv_env_PANGOCAIRO_CFLAGS_set=
ac_cv_env_PANGOCAIRO_CFLAGS_value=
ac_cv_env_PANGOCAIRO_LIBS_set=
ac_cv_env_PANGOCAIRO_LIBS_value=
ac_cv_env_PKG_CONFIG_LIBDIR_set=
ac_cv_env_PKG_CONFIG_LIBDIR_value=
ac_cv_env_PKG_CONFIG_PATH_set=
ac_cv_env_PKG_CONFIG_PATH_value=
ac_cv_env_PKG_CONFIG_set=
ac_cv_env_PKG_CONFIG_value=
ac_cv_env_XCB_CFLAGS_set=
ac_cv_env_XCB_CFLAGS_value=
ac_cv_env_XCB_LIBS_set=
ac_cv_env_XCB_LIBS_value=
ac_cv_env_XCB_UTIL_CFLAGS_set=
ac_cv_env_XCB_UTIL_CFLAGS_value=
ac_cv_env_XCB_UTIL_CURSOR_CFLAGS_set=
ac_cv_env_XCB_UTIL_CURSOR_CFLAGS_value=
ac_cv_env_XCB_UTIL_CURSOR_LIBS_set=
ac_cv_env_XCB_UTIL_CURSOR_LIBS_value=
ac_cv_env_XCB_UTIL_KEYSYMS_CFLAGS_set=
ac_cv_env_XCB_UTIL_KEYSYMS_CFLAGS_value=
ac_cv_env_XCB_UTIL_KEYSYMS_LIBS_set=
ac_cv_env_XCB_UTIL_KEYSYMS_LIBS_value=
ac_cv_env_XCB_UTIL_LIBS_set=
ac_cv_env_XCB_UTIL_LIBS_value=
ac_cv_env_XCB_UTIL_WM_CFLAGS_set=
ac_cv_env_XCB_UTIL_WM_CFLAGS_value=
ac_cv_env_XCB_UTIL_WM_LIBS_set=
ac_cv_env_XCB_UTIL_WM_LIBS_value=
ac_cv_env_XCB_UTIL_XRM_CFLAGS_set=
ac_cv_env_XCB_UTIL_XRM_CFLAGS_value=
ac_cv_env_XCB_UTIL_XRM_LIBS_set=
ac_cv_env_XCB_UTIL_XRM_LIBS_value=
ac_cv_env_XKBCOMMON_CFLAGS_set=
ac_cv_env_XKBCOMMON_CFLAGS_value=
ac_cv_env_XKBCOMMON_LIBS_set=
ac_cv_env_XKBCOMMON_LIBS_value=
ac_cv_env_YAJL_CFLAGS_set=
ac_cv_env_YAJL_CFLAGS_value=
ac_cv_env_YAJL_LIBS_set=
ac_cv_env_YAJL_LIBS_value=
ac_cv_env_build_alias_set=
ac_cv_env_build_alias_value=
ac_cv_env_host_alias_set=
ac_cv_env_host_alias_value=
ac_cv_env_target_alias_set=
ac_cv_env_target_alias_value=
ac_cv_func_atexit=yes
ac_cv_func_dup2=yes
ac_cv_func_fork=yes
ac_cv_func_fork_works=yes
ac_cv_func_ftruncate=yes
ac_cv_func_getcwd=yes
ac_cv_func_gettimeofday=yes
ac_cv_func_localtime_r=yes
ac_cv_func_lstat_dereferences_slashed_symlink=yes
ac_cv_func_memchr=yes
ac_cv_func_memset=yes
ac_cv_func_mkdir=yes
ac_cv_func_rmdir=yes
ac_cv_func_setlocale=yes
ac_cv_func_socket=yes
ac_cv_func_strcasecmp=yes
ac_cv_func_strchr=yes
ac_cv_func_strdup=yes
ac_cv_func_strerror=yes
ac_cv_func_strncasecmp=yes
ac_cv_func_strndup=yes
ac_cv_func_strnlen_working=yes
ac_cv_func_strrchr=yes
ac_cv_func_strspn=yes
ac_cv_func_strstr=yes
ac_cv_func_strtol=yes
ac_cv_func_strtoul=yes
ac_cv_func_vfork=yes
ac_cv_func_vfork_works=yes
ac_cv_header_fcntl_h=yes
ac_cv_header_float_h=yes
ac_cv_header_inttypes_h=yes
ac_cv_header_limits_h=yes
ac_cv_header_locale_h=yes
ac_cv_header_memory_h=yes
ac_cv_header_minix_config_h=no
ac_cv_header_netinet_in_h=yes
ac_cv_header_paths_h=yes
ac_cv_header_stdbool_h=yes
ac_cv_header_stdc=yes
ac_cv_header_stddef_h=yes
ac_cv_header_stdint_h=yes
ac_cv_header_stdlib_h=yes
ac_cv_header_string_h=yes
ac_cv_header_strings_h=yes
ac_cv_header_sys_param_h=yes
ac_cv_header_sys_socket_h=yes
ac_cv_header_sys_stat_h=yes
ac_cv_header_sys_time_h=yes
ac_cv_header_sys_types_h=yes
ac_cv_header_unistd_h=yes
ac_cv_header_vfork_h=no
ac_cv_host=x86_64-pc-linux-gnu
ac_cv_objext=o
ac_cv_path_EGREP='/bin/grep -E'
ac_cv_path_GREP=/bin/grep
ac_cv_path_PATH_POD2MAN=/usr/bin/pod2man
ac_cv_path_SED=/bin/sed
ac_cv_path_ac_pt_PKG_CONFIG=/usr/bin/pkg-config
ac_cv_path_ax_enable_builddir_sed=sed
ac_cv_path_install='/usr/bin/install -c'
ac_cv_path_mkdir=/bin/mkdir
ac_cv_prog_AWK=gawk
ac_cv_prog_CPP='gcc -E'
ac_cv_prog_ac_ct_AR=ar
ac_cv_prog_ac_ct_CC=gcc
ac_cv_prog_ac_ct_RANLIB=ranlib
ac_cv_prog_cc_c89=
ac_cv_prog_cc_c99=
ac_cv_prog_cc_g=yes
ac_cv_prog_make_make_set=yes
ac_cv_safe_to_define___extensions__=yes
ac_cv_search_ev_run=-lev
ac_cv_search_floor=-lm
ac_cv_search_iconv_open='none required'
ac_cv_search_shm_open=-lrt
ac_cv_target=x86_64-pc-linux-gnu
ac_cv_type__Bool=yes
ac_cv_type_mode_t=yes
ac_cv_type_off_t=yes
ac_cv_type_pid_t=yes
ac_cv_type_size_t=yes
ac_cv_type_ssize_t=yes
am_cv_CC_dependencies_compiler_type=gcc3
am_cv_ar_interface=ar
am_cv_make_support_nested_variables=yes
am_cv_prog_cc_c_o=yes
ax_cv_PTHREAD_CLANG=no
ax_cv_PTHREAD_JOINABLE_ATTR=PTHREAD_CREATE_JOINABLE
ax_cv_PTHREAD_PRIO_INHERIT=yes
ax_cv_PTHREAD_SPECIAL_FLAGS=no
ax_cv_check_cflags___Wunused_value=yes
ax_cv_gnu_make_command=make
pkg_cv_LIBPCRE_CFLAGS=
pkg_cv_LIBPCRE_LIBS=-lpcre
pkg_cv_LIBSN_CFLAGS=-I/usr/include/startup-notification-1.0
pkg_cv_LIBSN_LIBS=-lstartup-notification-1
pkg_cv_PANGOCAIRO_CFLAGS='-I/usr/include/pango-1.0 -I/usr/include/harfbuzz -I/usr/include/pango-1.0 -I/usr/include/cairo -I/usr/include/glib-2.0 -I/usr/lib/x86_64-linux-gnu/glib-2.0/include -I/usr/include/pixman-1 -I/usr/include/freetype2 -I/usr/include/libpng12'
pkg_cv_PANGOCAIRO_LIBS='-lpangocairo-1.0 -lpango-1.0 -lgobject-2.0 -lglib-2.0 -lcairo'
pkg_cv_XCB_CFLAGS=
pkg_cv_XCB_LIBS='-lxcb-xkb -lxcb-xinerama -lxcb-randr -lxcb-render -lxcb'
pkg_cv_XCB_UTIL_CFLAGS=
pkg_cv_XCB_UTIL_CURSOR_CFLAGS=
pkg_cv_XCB_UTIL_CURSOR_LIBS='-lxcb-cursor -lxcb'
pkg_cv_XCB_UTIL_KEYSYMS_CFLAGS=
pkg_cv_XCB_UTIL_KEYSYMS_LIBS='-lxcb-keysyms -lxcb'
pkg_cv_XCB_UTIL_LIBS='-lxcb-util -lxcb'
pkg_cv_XCB_UTIL_WM_CFLAGS=
pkg_cv_XCB_UTIL_WM_LIBS='-lxcb-icccm -lxcb'
pkg_cv_XCB_UTIL_XRM_CFLAGS=-I/usr/local/include
pkg_cv_XCB_UTIL_XRM_LIBS='-L/usr/local/lib -lxcb-xrm -lxcb'
pkg_cv_XKBCOMMON_CFLAGS=
pkg_cv_XKBCOMMON_LIBS='-lxkbcommon-x11 -lxkbcommon'
pkg_cv_YAJL_CFLAGS=-I/usr/include/yajl
pkg_cv_YAJL_LIBS=-lyajl

## ----------------- ##
## Output variables. ##
## ----------------- ##











	$(AM_V_at)$(MAKE) $(AM_MAKEFLAGS) code-coverage-capture
	$(code_coverage_v_genhtml)LANG=C $(GENHTML) $(code_coverage_quiet) $(addprefix --prefix ,$(CODE_COVERAGE_DIRECTORY)) --output-directory "$(CODE_COVERAGE_OUTPUT_DIRECTORY)" --title "$(PACKAGE_NAME)-$(PACKAGE_VERSION) Code Coverage" --legend --show-details "$(CODE_COVERAGE_OUTPUT_FILE)" $(CODE_COVERAGE_GENHTML_OPTIONS)
	$(code_coverage_v_lcov_cap)$(LCOV) $(code_coverage_quiet) $(addprefix --directory ,$(CODE_COVERAGE_DIRECTORY)) --capture --output-file "$(CODE_COVERAGE_OUTPUT_FILE).tmp" --test-name "$(call code_coverage_sanitize,$(PACKAGE_NAME)-$(PACKAGE_VERSION))" --no-checksum --compat-libtool $(CODE_COVERAGE_LCOV_SHOPTS) $(CODE_COVERAGE_LCOV_OPTIONS)
	$(code_coverage_v_lcov_ign)$(LCOV) $(code_coverage_quiet) $(addprefix --directory ,$(CODE_COVERAGE_DIRECTORY)) --remove "$(CODE_COVERAGE_OUTPUT_FILE).tmp" "/tmp/*" $(CODE_COVERAGE_IGNORE_PATTERN) --output-file "$(CODE_COVERAGE_OUTPUT_FILE)" $(CODE_COVERAGE_LCOV_SHOPTS) $(CODE_COVERAGE_LCOV_RMOPTS)
	-$(AM_V_at)$(MAKE) $(AM_MAKEFLAGS) -k check
	-$(LCOV) --directory $(top_builddir) -z
	-@rm -f $(CODE_COVERAGE_OUTPUT_FILE).tmp
	-find . -name "*.gcda" -o -name "*.gcov" -delete
	-rm -rf $(CODE_COVERAGE_OUTPUT_FILE) $(CODE_COVERAGE_OUTPUT_FILE).tmp $(CODE_COVERAGE_OUTPUT_DIRECTORY)
	@echo "Need to reconfigure with --enable-code-coverage"
	@echo "Need to reconfigure with --enable-code-coverage"
	@echo "file://$(abs_builddir)/$(CODE_COVERAGE_OUTPUT_DIRECTORY)/index.html"
 $(CODE_COVERAGE_IGNORE_PATTERN);
 $(CODE_COVERAGE_OUTPUT_FILE);
#
#
#    $(PACKAGE_NAME)-$(PACKAGE_VERSION)-coverage)
#    $(PACKAGE_NAME)-$(PACKAGE_VERSION)-coverage.info)
#    (Default: $(top_builddir))
#    (Default: empty)
#    Multiple directories may be specified, separated by whitespace.
#    by lcov for code coverage. (Default:
#    collecting lcov instance. (Default: $CODE_COVERAGE_LCOV_OPTIONS_GCOVPATH)
#    genhtml instance. (Default: based on $CODE_COVERAGE_BRANCH_COVERAGE)
#    instance. (Default: $CODE_COVERAGE_GENHTML_OPTIONS_DEFAULT)
#    instance. (Default: $CODE_COVERAGE_LCOV_OPTIONS_DEFAULT)
#    instance. (Default: $CODE_COVERAGE_LCOV_RMOPTS_DEFAULT)
#    instances. (Default: $CODE_COVERAGE_LCOV_SHOPTS_DEFAULT)
#    instances. (Default: based on $CODE_COVERAGE_BRANCH_COVERAGE)
#    lcov instance. (Default: empty)
#    reports to be created. (Default:
#    set to 0 to disable it and leave empty to stay with the default.
#  - CODE_COVERAGE_BRANCH_COVERAGE: Set to 1 to enforce branch coverage,
#  - CODE_COVERAGE_DIRECTORY: Top-level directory for code coverage reporting.
#  - CODE_COVERAGE_GENHTML_OPTIONS: Extra options to pass to the genhtml
#  - CODE_COVERAGE_GENHTML_OPTIONS_DEFAULT: Extra options to pass to the
#  - CODE_COVERAGE_IGNORE_PATTERN: Extra glob pattern of files to ignore
#  - CODE_COVERAGE_LCOV_OPTIONS: Extra options to pass to the collecting lcov
#  - CODE_COVERAGE_LCOV_OPTIONS_DEFAULT: Extra options to pass to the
#  - CODE_COVERAGE_LCOV_OPTIONS_GCOVPATH: --gcov-tool pathtogcov
#  - CODE_COVERAGE_LCOV_RMOPTS: Extra options to pass to the filtering lcov
#  - CODE_COVERAGE_LCOV_RMOPTS_DEFAULT: Extra options to pass to the filtering
#  - CODE_COVERAGE_LCOV_SHOPTS: Extra options to shared between both lcov
#  - CODE_COVERAGE_LCOV_SHOPTS_DEFAULT: Extra options shared between both lcov
#  - CODE_COVERAGE_OUTPUT_DIRECTORY: Directory for generated code coverage
#  - CODE_COVERAGE_OUTPUT_FILE: Filename and path for the .info file generated
# $(PACKAGE_VERSION). In order to add the current git hash to the title,
# Capture code coverage data
# Code coverage
# Hook rule executed before code-coverage-capture, overridable by the user
# Optional variables
# Optional:
# The generated report will be titled using the $(PACKAGE_NAME) and
# Use recursive makes in order to ignore errors during check
# sanitizes the test-name: replaces with underscores: dashes and dots
# use the git-version-gen script, available online.
$(if $(CODE_COVERAGE_BRANCH_COVERAGE),\
'
--rc genhtml_branch_coverage=$(CODE_COVERAGE_BRANCH_COVERAGE))
--rc lcov_branch_coverage=$(CODE_COVERAGE_BRANCH_COVERAGE))
.PHONY: check-code-coverage code-coverage-capture code-coverage-capture-hook code-coverage-clean
ACLOCAL='${SHELL} /home/simon/Downloads/i3-4.15/missing aclocal-1.15'
AMDEPBACKSLASH='\'
AMDEP_FALSE='#'
AMDEP_TRUE=''
AMTAR='$${TAR-tar}'
AM_BACKSLASH='\'
AM_CFLAGS='-Wunused-value'
AM_DEFAULT_V='$(AM_DEFAULT_VERBOSITY)'
AM_DEFAULT_VERBOSITY='0'
AM_DISTCHECK_CONFIGURE_FLAGS += --disable-code-coverage
AM_DISTCHECK_CONFIGURE_FLAGS ?=
AM_V='$(V)'
AR='ar'
AUTOCONF='${SHELL} /home/simon/Downloads/i3-4.15/missing autoconf'
AUTOHEADER='${SHELL} /home/simon/Downloads/i3-4.15/missing autoheader'
AUTOMAKE='${SHELL} /home/simon/Downloads/i3-4.15/missing automake-1.15'
AWK='gawk'
AX_EXTEND_SRCDIR_CPPFLAGS='-DSTRIPPED__FILE__=\"$$(basename $<)\"'
BUILD_DOCS_FALSE=''
BUILD_DOCS_TRUE='#'
BUILD_MANS_FALSE=''
BUILD_MANS_TRUE='#'
CC='gcc'
CCDEPMODE='depmode=gcc3'
CFLAGS=' -Wall'
CODE_COVERAGE_BRANCH_COVERAGE ?=
CODE_COVERAGE_CFLAGS=''
CODE_COVERAGE_CPPFLAGS=''
CODE_COVERAGE_CXXFLAGS=''
CODE_COVERAGE_DIRECTORY ?= $(top_builddir)
CODE_COVERAGE_ENABLED='no'
CODE_COVERAGE_ENABLED_FALSE=''
CODE_COVERAGE_ENABLED_TRUE='#'
CODE_COVERAGE_GENHTML_OPTIONS ?= $(CODE_COVERAGE_GENHTML_OPTIONS_DEFAULTS)
CODE_COVERAGE_GENHTML_OPTIONS_DEFAULT ?=\
CODE_COVERAGE_IGNORE_PATTERN ?=
CODE_COVERAGE_LCOV_OPTIONS ?= $(CODE_COVERAGE_LCOV_OPTIONS_DEFAULT)
CODE_COVERAGE_LCOV_OPTIONS_DEFAULT ?= $(CODE_COVERAGE_LCOV_OPTIONS_GCOVPATH)
CODE_COVERAGE_LCOV_OPTIONS_GCOVPATH ?= --gcov-tool "$(GCOV)"
CODE_COVERAGE_LCOV_RMOPTS ?= $(CODE_COVERAGE_LCOV_RMOPTS_DEFAULT)
CODE_COVERAGE_LCOV_RMOPTS_DEFAULT ?=
CODE_COVERAGE_LCOV_SHOPTS ?= $(CODE_COVERAGE_LCOV_SHOPTS_DEFAULT)
CODE_COVERAGE_LCOV_SHOPTS_DEFAULT ?= $(if $(CODE_COVERAGE_BRANCH_COVERAGE),\
CODE_COVERAGE_LDFLAGS=''
CODE_COVERAGE_OUTPUT_DIRECTORY ?= $(PACKAGE_NAME)-$(PACKAGE_VERSION)-coverage
CODE_COVERAGE_OUTPUT_FILE ?= $(PACKAGE_NAME)-$(PACKAGE_VERSION)-coverage.info
CODE_COVERAGE_RULES='
CPP='gcc -E'
CPPFLAGS=''
CYGPATH_W='echo'
DEFS='-DHAVE_CONFIG_H'
DEPDIR='.deps'
ECHO_C=''
ECHO_N='-n'
ECHO_T=''
EGREP='/bin/grep -E'
EXEEXT=''
GCOV=''
GENHTML=''
GITIGNOREFILES += $(CODE_COVERAGE_OUTPUT_FILE) $(CODE_COVERAGE_OUTPUT_DIRECTORY)
GITIGNOREFILES ?=
GREP='/bin/grep'
I3_VERSION='4.15 (2018-03-10)'
INSTALL_DATA='${INSTALL} -m 644'
INSTALL_PROGRAM='${INSTALL}'
INSTALL_SCRIPT='${INSTALL}'
INSTALL_STRIP_PROGRAM='$(install_sh) -c -s'
LCOV=''
LDFLAGS=''
LIBOBJS=''
LIBPCRE_CFLAGS=''
LIBPCRE_LIBS='-lpcre'
LIBS='-lrt -lev -lm '
LIBSN_CFLAGS='-I/usr/include/startup-notification-1.0'
LIBSN_LIBS='-lstartup-notification-1'
LN_S='ln -s'
LTLIBOBJS=''
MAINT=''
MAINTAINER_MODE_FALSE='#'
MAINTAINER_MODE_TRUE=''
MAKEINFO='${SHELL} /home/simon/Downloads/i3-4.15/missing makeinfo'
MKDIR_P='/bin/mkdir -p'
OBJEXT='o'
PACKAGE='i3'
PACKAGE_BUGREPORT='https://github.com/i3/i3/issues'
PACKAGE_NAME='i3'
PACKAGE_STRING='i3 4.15'
PACKAGE_TARNAME='i3'
PACKAGE_URL=''
PACKAGE_VERSION='4.15'
PANGOCAIRO_CFLAGS='-I/usr/include/pango-1.0 -I/usr/include/harfbuzz -I/usr/include/pango-1.0 -I/usr/include/cairo -I/usr/include/glib-2.0 -I/usr/lib/x86_64-linux-gnu/glib-2.0/include -I/usr/include/pixman-1 -I/usr/include/freetype2 -I/usr/include/libpng12'
PANGOCAIRO_LIBS='-lpangocairo-1.0 -lpango-1.0 -lgobject-2.0 -lglib-2.0 -lcairo'
PATH_ASCIIDOC=''
PATH_POD2MAN='/usr/bin/pod2man'
PATH_SEPARATOR=':'
PATH_XMLTO=''
PKG_CONFIG='/usr/bin/pkg-config'
PKG_CONFIG_LIBDIR=''
PKG_CONFIG_PATH=''
PTHREAD_CC='gcc'
PTHREAD_CFLAGS='-pthread'
PTHREAD_LIBS=''
RANLIB='ranlib'
SED='/bin/sed'
SET_MAKE=''
SHELL='/bin/bash'
STRIP=''
VERSION='4.15'
XCB_CFLAGS=''
XCB_LIBS='-lxcb-xkb -lxcb-xinerama -lxcb-randr -lxcb-render -lxcb'
XCB_UTIL_CFLAGS=''
XCB_UTIL_CURSOR_CFLAGS=''
XCB_UTIL_CURSOR_LIBS='-lxcb-cursor -lxcb'
XCB_UTIL_KEYSYMS_CFLAGS=''
XCB_UTIL_KEYSYMS_LIBS='-lxcb-keysyms -lxcb'
XCB_UTIL_LIBS='-lxcb-util -lxcb'
XCB_UTIL_WM_CFLAGS=''
XCB_UTIL_WM_LIBS='-lxcb-icccm -lxcb'
XCB_UTIL_XRM_CFLAGS='-I/usr/local/include'
XCB_UTIL_XRM_LIBS='-L/usr/local/lib -lxcb-xrm -lxcb'
XKBCOMMON_CFLAGS=''
XKBCOMMON_LIBS='-lxkbcommon-x11 -lxkbcommon'
YAJL_CFLAGS='-I/usr/include/yajl'
YAJL_LIBS='-lyajl'
ac_ct_AR='ar'
ac_ct_CC='gcc'
am__EXEEXT_FALSE=''
am__EXEEXT_TRUE='#'
am__fastdepCC_FALSE='#'
am__fastdepCC_TRUE=''
am__include='include'
am__isrc=' -I$(srcdir)'
am__leading_dot='.'
am__nodep='_no'
am__quote=''
am__tar='$${TAR-tar} chof - "$$tardir"'
am__untar='$${TAR-tar} xf -'
ax_enable_builddir_sed='sed'
ax_pthread_config=''
bindir='${exec_prefix}/bin'
build='x86_64-pc-linux-gnu'
build_alias=''
build_cpu='x86_64'
build_os='linux-gnu'
build_vendor='pc'
check-code-coverage:
clean: code-coverage-clean
code-coverage-capture-hook:
code-coverage-capture: code-coverage-capture-hook
code-coverage-clean:
code_coverage_quiet = $(code_coverage_quiet_$(V))
code_coverage_quiet_ = $(code_coverage_quiet_$(AM_DEFAULT_VERBOSITY))
code_coverage_quiet_0 = --quiet
code_coverage_sanitize = $(subst -,_,$(subst .,_,$(1)))
code_coverage_v_genhtml = $(code_coverage_v_genhtml_$(V))
code_coverage_v_genhtml_ = $(code_coverage_v_genhtml_$(AM_DEFAULT_VERBOSITY))
code_coverage_v_genhtml_0 = @echo "  GEN   " $(CODE_COVERAGE_OUTPUT_DIRECTORY);
code_coverage_v_lcov_cap = $(code_coverage_v_lcov_cap_$(V))
code_coverage_v_lcov_cap_ = $(code_coverage_v_lcov_cap_$(AM_DEFAULT_VERBOSITY))
code_coverage_v_lcov_cap_0 = @echo "  LCOV   --capture"\
code_coverage_v_lcov_ign = $(code_coverage_v_lcov_ign_$(V))
code_coverage_v_lcov_ign_ = $(code_coverage_v_lcov_ign_$(AM_DEFAULT_VERBOSITY))
code_coverage_v_lcov_ign_0 = @echo "  LCOV   --remove /tmp/*"\
datadir='${datarootdir}'
datarootdir='${prefix}/share'
docdir='${datarootdir}/doc/${PACKAGE_TARNAME}'
dvidir='${docdir}'
else
else
endif
endif
endif
exec_prefix='${prefix}'
host='x86_64-pc-linux-gnu'
host_alias=''
host_cpu='x86_64'
host_os='linux-gnu'
host_vendor='pc'
htmldir='${docdir}'
ifGNUmake=''
ifeq ($(CODE_COVERAGE_ENABLED),yes)
ifeq ($(CODE_COVERAGE_ENABLED),yes)
ifeq ($(CODE_COVERAGE_ENABLED),yes)
includedir='${prefix}/include'
infodir='${datarootdir}/info'
install_sh='${SHELL} /home/simon/Downloads/i3-4.15/install-sh'
libdir='${exec_prefix}/lib'
libexecdir='${exec_prefix}/libexec'
localedir='${datarootdir}/locale'
localstatedir='${prefix}/var'
mandir='${datarootdir}/man'
mkdir_p='$(MKDIR_P)'
oldincludedir='/usr/include'
pdfdir='${docdir}'
prefix='/usr/local'
program_transform_name='s,x,x,'
psdir='${docdir}'
runstatedir='${localstatedir}/run'
sbindir='${exec_prefix}/sbin'
sharedstatedir='${prefix}/com'
sysconfdir='${prefix}/etc'
target='x86_64-pc-linux-gnu'
target_alias=''
target_cpu='x86_64'
target_os='linux-gnu'
target_vendor='pc'

## ----------- ##
## confdefs.h. ##
## ----------- ##

/* confdefs.h */
#define PACKAGE_NAME "i3"
#define PACKAGE_TARNAME "i3"
#define PACKAGE_VERSION "4.15"
#define PACKAGE_STRING "i3 4.15"
#define PACKAGE_BUGREPORT "https://github.com/i3/i3/issues"
#define PACKAGE_URL ""
#define PACKAGE "i3"
#define VERSION "4.15"
#define I3_VERSION "4.15 (2018-03-10)"
#define MAJOR_VERSION 4
#define MINOR_VERSION 15
#define PATCH_VERSION 0
#define UNUSED_NDEBUG /**/
#define STDC_HEADERS 1
#define HAVE_SYS_TYPES_H 1
#define HAVE_SYS_STAT_H 1
#define HAVE_STDLIB_H 1
#define HAVE_STRING_H 1
#define HAVE_MEMORY_H 1
#define HAVE_STRINGS_H 1
#define HAVE_INTTYPES_H 1
#define HAVE_STDINT_H 1
#define HAVE_UNISTD_H 1
#define __EXTENSIONS__ 1
#define _ALL_SOURCE 1
#define _GNU_SOURCE 1
#define _POSIX_PTHREAD_SEMANTICS 1
#define _TANDEM_SOURCE 1
#define HAVE__BOOL 1
#define HAVE_MODE_T 1
#define HAVE_OFF_T 1
#define HAVE_PID_T 1
#define HAVE_SIZE_T 1
#define HAVE_SSIZE_T 1
#define HAVE_FORK 1
#define HAVE_VFORK 1
#define HAVE_WORKING_VFORK 1
#define HAVE_WORKING_FORK 1
#define LSTAT_FOLLOWS_SLASHED_SYMLINK 1
#define HAVE_ATEXIT 1
#define HAVE_DUP2 1
#define HAVE_FTRUNCATE 1
#define HAVE_GETCWD 1
#define HAVE_GETTIMEOFDAY 1
#define HAVE_LOCALTIME_R 1
#define HAVE_MEMCHR 1
#define HAVE_MEMSET 1
#define HAVE_MKDIR 1
#define HAVE_RMDIR 1
#define HAVE_SETLOCALE 1
#define HAVE_SOCKET 1
#define HAVE_STRCASECMP 1
#define HAVE_STRCHR 1
#define HAVE_STRDUP 1
#define HAVE_STRERROR 1
#define HAVE_STRNCASECMP 1
#define HAVE_STRNDUP 1
#define HAVE_STRRCHR 1
#define HAVE_STRSPN 1
#define HAVE_STRSTR 1
#define HAVE_STRTOL 1
#define HAVE_STRTOUL 1
#define HAVE_PTHREAD_PRIO_INHERIT 1
#define HAVE_PTHREAD 1
#define HAVE_FCNTL_H 1
#define HAVE_FLOAT_H 1
#define HAVE_INTTYPES_H 1
#define HAVE_LIMITS_H 1
#define HAVE_LOCALE_H 1
#define HAVE_NETINET_IN_H 1
#define HAVE_PATHS_H 1
#define HAVE_STDDEF_H 1
#define HAVE_STDINT_H 1
#define HAVE_STDLIB_H 1
#define HAVE_STRING_H 1
#define HAVE_SYS_PARAM_H 1
#define HAVE_SYS_SOCKET_H 1
#define HAVE_SYS_TIME_H 1
#define HAVE_UNISTD_H 1

configure: exit 0

## ---------------- ##
## Cache variables. ##
## ---------------- ##

ac_cv_build=x86_64-pc-linux-gnu
ac_cv_env_CC_set=
ac_cv_env_CC_value=
ac_cv_env_CFLAGS_set=
ac_cv_env_CFLAGS_value=
ac_cv_env_CPPFLAGS_set=
ac_cv_env_CPPFLAGS_value=
ac_cv_env_CPP_set=
ac_cv_env_CPP_value=
ac_cv_env_LDFLAGS_set=
ac_cv_env_LDFLAGS_value=
ac_cv_env_LIBPCRE_CFLAGS_set=
ac_cv_env_LIBPCRE_CFLAGS_value=
ac_cv_env_LIBPCRE_LIBS_set=
ac_cv_env_LIBPCRE_LIBS_value=
ac_cv_env_LIBSN_CFLAGS_set=
ac_cv_env_LIBSN_CFLAGS_value=
ac_cv_env_LIBSN_LIBS_set=
ac_cv_env_LIBSN_LIBS_value=
ac_cv_env_LIBS_set=
ac_cv_env_LIBS_value=
ac_cv_env_PANGOCAIRO_CFLAGS_set=
ac_cv_env_PANGOCAIRO_CFLAGS_value=
ac_cv_env_PANGOCAIRO_LIBS_set=
ac_cv_env_PANGOCAIRO_LIBS_value=
ac_cv_env_PKG_CONFIG_LIBDIR_set=
ac_cv_env_PKG_CONFIG_LIBDIR_value=
ac_cv_env_PKG_CONFIG_PATH_set=
ac_cv_env_PKG_CONFIG_PATH_value=
ac_cv_env_PKG_CONFIG_set=
ac_cv_env_PKG_CONFIG_value=
ac_cv_env_XCB_CFLAGS_set=
ac_cv_env_XCB_CFLAGS_value=
ac_cv_env_XCB_LIBS_set=
ac_cv_env_XCB_LIBS_value=
ac_cv_env_XCB_UTIL_CFLAGS_set=
ac_cv_env_XCB_UTIL_CFLAGS_value=
ac_cv_env_XCB_UTIL_CURSOR_CFLAGS_set=
ac_cv_env_XCB_UTIL_CURSOR_CFLAGS_value=
ac_cv_env_XCB_UTIL_CURSOR_LIBS_set=
ac_cv_env_XCB_UTIL_CURSOR_LIBS_value=
ac_cv_env_XCB_UTIL_KEYSYMS_CFLAGS_set=
ac_cv_env_XCB_UTIL_KEYSYMS_CFLAGS_value=
ac_cv_env_XCB_UTIL_KEYSYMS_LIBS_set=
ac_cv_env_XCB_UTIL_KEYSYMS_LIBS_value=
ac_cv_env_XCB_UTIL_LIBS_set=
ac_cv_env_XCB_UTIL_LIBS_value=
ac_cv_env_XCB_UTIL_WM_CFLAGS_set=
ac_cv_env_XCB_UTIL_WM_CFLAGS_value=
ac_cv_env_XCB_UTIL_WM_LIBS_set=
ac_cv_env_XCB_UTIL_WM_LIBS_value=
ac_cv_env_XCB_UTIL_XRM_CFLAGS_set=
ac_cv_env_XCB_UTIL_XRM_CFLAGS_value=
ac_cv_env_XCB_UTIL_XRM_LIBS_set=
ac_cv_env_XCB_UTIL_XRM_LIBS_value=
ac_cv_env_XKBCOMMON_CFLAGS_set=
ac_cv_env_XKBCOMMON_CFLAGS_value=
ac_cv_env_XKBCOMMON_LIBS_set=
ac_cv_env_XKBCOMMON_LIBS_value=
ac_cv_env_YAJL_CFLAGS_set=
ac_cv_env_YAJL_CFLAGS_value=
ac_cv_env_YAJL_LIBS_set=
ac_cv_env_YAJL_LIBS_value=
ac_cv_env_build_alias_set=
ac_cv_env_build_alias_value=
ac_cv_env_host_alias_set=
ac_cv_env_host_alias_value=
ac_cv_env_target_alias_set=
ac_cv_env_target_alias_value=
ac_cv_host=x86_64-pc-linux-gnu
ac_cv_target=x86_64-pc-linux-gnu

## ----------------- ##
## Output variables. ##
## ----------------- ##

ACLOCAL=''
AMDEPBACKSLASH=''
AMDEP_FALSE=''
AMDEP_TRUE=''
AMTAR=''
AM_BACKSLASH=''
AM_CFLAGS=''
AM_DEFAULT_V=''
AM_DEFAULT_VERBOSITY=''
AM_V=''
AR=''
AUTOCONF=''
AUTOHEADER=''
AUTOMAKE=''
AWK=''
AX_EXTEND_SRCDIR_CPPFLAGS=''
BUILD_DOCS_FALSE=''
BUILD_DOCS_TRUE=''
BUILD_MANS_FALSE=''
BUILD_MANS_TRUE=''
CC=''
CCDEPMODE=''
CFLAGS=''
CODE_COVERAGE_CFLAGS=''
CODE_COVERAGE_CPPFLAGS=''
CODE_COVERAGE_CXXFLAGS=''
CODE_COVERAGE_ENABLED=''
CODE_COVERAGE_ENABLED_FALSE=''
CODE_COVERAGE_ENABLED_TRUE=''
CODE_COVERAGE_LDFLAGS=''
CODE_COVERAGE_RULES=''
CPP=''
CPPFLAGS=''
CYGPATH_W=''
DEFS=''
DEPDIR=''
ECHO_C=''
ECHO_N='-n'
ECHO_T=''
EGREP=''
EXEEXT=''
GCOV=''
GENHTML=''
GREP=''
I3_VERSION=''
INSTALL_DATA=''
INSTALL_PROGRAM=''
INSTALL_SCRIPT=''
INSTALL_STRIP_PROGRAM=''
LCOV=''
LDFLAGS=''
LIBOBJS=''
LIBPCRE_CFLAGS=''
LIBPCRE_LIBS=''
LIBS=''
LIBSN_CFLAGS=''
LIBSN_LIBS=''
LN_S=''
LTLIBOBJS=''
MAINT=''
MAINTAINER_MODE_FALSE=''
MAINTAINER_MODE_TRUE=''
MAKEINFO=''
MKDIR_P=''
OBJEXT=''
PACKAGE=''
PACKAGE_BUGREPORT='https://github.com/i3/i3/issues'
PACKAGE_NAME='i3'
PACKAGE_STRING='i3 4.15'
PACKAGE_TARNAME='i3'
PACKAGE_URL=''
PACKAGE_VERSION='4.15'
PANGOCAIRO_CFLAGS=''
PANGOCAIRO_LIBS=''
PATH_ASCIIDOC=''
PATH_POD2MAN=''
PATH_SEPARATOR=':'
PATH_XMLTO=''
PKG_CONFIG=''
PKG_CONFIG_LIBDIR=''
PKG_CONFIG_PATH=''
PTHREAD_CC=''
PTHREAD_CFLAGS=''
PTHREAD_LIBS=''
RANLIB=''
SED=''
SET_MAKE=''
SHELL='/bin/bash'
STRIP=''
VERSION=''
XCB_CFLAGS=''
XCB_LIBS=''
XCB_UTIL_CFLAGS=''
XCB_UTIL_CURSOR_CFLAGS=''
XCB_UTIL_CURSOR_LIBS=''
XCB_UTIL_KEYSYMS_CFLAGS=''
XCB_UTIL_KEYSYMS_LIBS=''
XCB_UTIL_LIBS=''
XCB_UTIL_WM_CFLAGS=''
XCB_UTIL_WM_LIBS=''
XCB_UTIL_XRM_CFLAGS=''
XCB_UTIL_XRM_LIBS=''
XKBCOMMON_CFLAGS=''
XKBCOMMON_LIBS=''
YAJL_CFLAGS=''
YAJL_LIBS=''
ac_ct_AR=''
ac_ct_CC=''
am__EXEEXT_FALSE=''
am__EXEEXT_TRUE=''
am__fastdepCC_FALSE=''
am__fastdepCC_TRUE=''
am__include=''
am__isrc=''
am__leading_dot=''
am__nodep=''
am__quote=''
am__tar=''
am__untar=''
ax_enable_builddir_sed=''
ax_pthread_config=''
bindir='${exec_prefix}/bin'
build='x86_64-pc-linux-gnu'
build_alias=''
build_cpu='x86_64'
build_os='linux-gnu'
build_vendor='pc'
datadir='${datarootdir}'
datarootdir='${prefix}/share'
docdir='${datarootdir}/doc/${PACKAGE_TARNAME}'
dvidir='${docdir}'
exec_prefix='NONE'
host='x86_64-pc-linux-gnu'
host_alias=''
host_cpu='x86_64'
host_os='linux-gnu'
host_vendor='pc'
htmldir='${docdir}'
ifGNUmake=''
includedir='${prefix}/include'
infodir='${datarootdir}/info'
install_sh=''
libdir='${exec_prefix}/lib'
libexecdir='${exec_prefix}/libexec'
localedir='${datarootdir}/locale'
localstatedir='${prefix}/var'
mandir='${datarootdir}/man'
mkdir_p=''
oldincludedir='/usr/include'
pdfdir='${docdir}'
prefix='NONE'
program_transform_name='s,x,x,'
psdir='${docdir}'
runstatedir='${localstatedir}/run'
sbindir='${exec_prefix}/sbin'
sharedstatedir='${prefix}/com'
sysconfdir='${prefix}/etc'
target='x86_64-pc-linux-gnu'
target_alias=''
target_cpu='x86_64'
target_os='linux-gnu'
target_vendor='pc'

configure: exit 0
